{"D:\\project\\vscode-egypt-buildpack-session4\\vscode-egypt\\vse-backend\\config\\models.js": {"path":"D:\\project\\vscode-egypt-buildpack-session4\\vscode-egypt\\vse-backend\\config\\models.js","statementMap":{"0":{"start":{"line":27,"column":22},"end":{"line":58,"column":1}},"1":{"start":{"line":61,"column":16},"end":{"line":61,"column":36}},"2":{"start":{"line":62,"column":1},"end":{"line":64,"column":2}},"3":{"start":{"line":63,"column":2},"end":{"line":63,"column":14}},"4":{"start":{"line":65,"column":1},"end":{"line":67,"column":2}},"5":{"start":{"line":66,"column":2},"end":{"line":66,"column":43}},"6":{"start":{"line":68,"column":1},"end":{"line":68,"column":15}},"7":{"start":{"line":73,"column":1},"end":{"line":78,"column":3}},"8":{"start":{"line":74,"column":54},"end":{"line":77,"column":3}},"9":{"start":{"line":81,"column":0},"end":{"line":81,"column":69}}},"fnMap":{"0":{"name":"getModelConfig","decl":{"start":{"line":60,"column":9},"end":{"line":60,"column":23}},"loc":{"start":{"line":60,"column":31},"end":{"line":69,"column":1}},"line":60},"1":{"name":"getPublicCatalog","decl":{"start":{"line":72,"column":9},"end":{"line":72,"column":25}},"loc":{"start":{"line":72,"column":28},"end":{"line":79,"column":1}},"line":72},"2":{"name":"(anonymous_2)","decl":{"start":{"line":74,"column":36},"end":{"line":74,"column":37}},"loc":{"start":{"line":74,"column":54},"end":{"line":77,"column":3}},"line":74}},"branchMap":{"0":{"loc":{"start":{"line":32,"column":11},"end":{"line":32,"column":104}},"type":"binary-expr","locations":[{"start":{"line":32,"column":11},"end":{"line":32,"column":38}},{"start":{"line":32,"column":42},"end":{"line":32,"column":71}},{"start":{"line":32,"column":75},"end":{"line":32,"column":104}}],"line":32},"1":{"loc":{"start":{"line":33,"column":10},"end":{"line":33,"column":68}},"type":"binary-expr","locations":[{"start":{"line":33,"column":10},"end":{"line":33,"column":36}},{"start":{"line":33,"column":40},"end":{"line":33,"column":68}}],"line":33},"2":{"loc":{"start":{"line":34,"column":9},"end":{"line":34,"column":52}},"type":"binary-expr","locations":[{"start":{"line":34,"column":9},"end":{"line":34,"column":33}},{"start":{"line":34,"column":37},"end":{"line":34,"column":52}}],"line":34},"3":{"loc":{"start":{"line":40,"column":11},"end":{"line":40,"column":104}},"type":"binary-expr","locations":[{"start":{"line":40,"column":11},"end":{"line":40,"column":38}},{"start":{"line":40,"column":42},"end":{"line":40,"column":71}},{"start":{"line":40,"column":75},"end":{"line":40,"column":104}}],"line":40},"4":{"loc":{"start":{"line":41,"column":10},"end":{"line":41,"column":68}},"type":"binary-expr","locations":[{"start":{"line":41,"column":10},"end":{"line":41,"column":36}},{"start":{"line":41,"column":40},"end":{"line":41,"column":68}}],"line":41},"5":{"loc":{"start":{"line":48,"column":9},"end":{"line":48,"column":56}},"type":"binary-expr","locations":[{"start":{"line":48,"column":9},"end":{"line":48,"column":33}},{"start":{"line":48,"column":37},"end":{"line":48,"column":56}}],"line":48},"6":{"loc":{"start":{"line":54,"column":11},"end":{"line":54,"column":75}},"type":"binary-expr","locations":[{"start":{"line":54,"column":11},"end":{"line":54,"column":41}},{"start":{"line":54,"column":45},"end":{"line":54,"column":75}}],"line":54},"7":{"loc":{"start":{"line":56,"column":9},"end":{"line":56,"column":69}},"type":"binary-expr","locations":[{"start":{"line":56,"column":9},"end":{"line":56,"column":36}},{"start":{"line":56,"column":40},"end":{"line":56,"column":69}}],"line":56},"8":{"loc":{"start":{"line":62,"column":1},"end":{"line":64,"column":2}},"type":"if","locations":[{"start":{"line":62,"column":1},"end":{"line":64,"column":2}},{"start":{},"end":{}}],"line":62},"9":{"loc":{"start":{"line":65,"column":1},"end":{"line":67,"column":2}},"type":"if","locations":[{"start":{"line":65,"column":1},"end":{"line":67,"column":2}},{"start":{},"end":{}}],"line":65}},"s":{"0":2,"1":4,"2":4,"3":1,"4":3,"5":2,"6":1,"7":2,"8":6,"9":2},"f":{"0":4,"1":2,"2":6},"b":{"0":[2,2,2],"1":[2,1],"2":[2,2],"3":[2,2,2],"4":[2,2],"5":[2,2],"6":[2,2],"7":[2,2],"8":[1,3],"9":[2,1]},"_coverageSchema":"1a1c01bbd47fc00a2c39e90264f33305004495a9","hash":"b12d92bfd9a5115cfaf63def7bba16a6aa293123"}
,"D:\\project\\vscode-egypt-buildpack-session4\\vscode-egypt\\vse-backend\\config\\security.js": {"path":"D:\\project\\vscode-egypt-buildpack-session4\\vscode-egypt\\vse-backend\\config\\security.js","statementMap":{"0":{"start":{"line":4,"column":0},"end":{"line":113,"column":2}}},"fnMap":{},"branchMap":{"0":{"loc":{"start":{"line":96,"column":18},"end":{"line":96,"column":73}},"type":"cond-expr","locations":[{"start":{"line":96,"column":58},"end":{"line":96,"column":64}},{"start":{"line":96,"column":67},"end":{"line":96,"column":73}}],"line":96}},"s":{"0":2},"f":{},"b":{"0":[0,2]},"_coverageSchema":"1a1c01bbd47fc00a2c39e90264f33305004495a9","hash":"ae9d1f80c257e05d7a037ff6f2de2367af947eff"}
,"D:\\project\\vscode-egypt-buildpack-session4\\vscode-egypt\\vse-backend\\middleware\\adminAuth.js": {"path":"D:\\project\\vscode-egypt-buildpack-session4\\vscode-egypt\\vse-backend\\middleware\\adminAuth.js","statementMap":{"0":{"start":{"line":1,"column":12},"end":{"line":1,"column":35}},"1":{"start":{"line":2,"column":15},"end":{"line":2,"column":34}},"2":{"start":{"line":3,"column":15},"end":{"line":3,"column":32}},"3":{"start":{"line":4,"column":11},"end":{"line":4,"column":27}},"4":{"start":{"line":6,"column":25},"end":{"line":6,"column":53}},"5":{"start":{"line":7,"column":28},"end":{"line":7,"column":59}},"6":{"start":{"line":9,"column":0},"end":{"line":11,"column":1}},"7":{"start":{"line":10,"column":4},"end":{"line":10,"column":109}},"8":{"start":{"line":12,"column":0},"end":{"line":17,"column":1}},"9":{"start":{"line":13,"column":4},"end":{"line":16,"column":6}},"10":{"start":{"line":19,"column":26},"end":{"line":19,"column":30}},"11":{"start":{"line":20,"column":21},"end":{"line":20,"column":70}},"12":{"start":{"line":21,"column":24},"end":{"line":21,"column":77}},"13":{"start":{"line":22,"column":28},"end":{"line":22,"column":29}},"14":{"start":{"line":23,"column":23},"end":{"line":23,"column":33}},"15":{"start":{"line":27,"column":4},"end":{"line":27,"column":85}},"16":{"start":{"line":38,"column":16},"end":{"line":42,"column":49}},"17":{"start":{"line":43,"column":4},"end":{"line":43,"column":40}},"18":{"start":{"line":47,"column":4},"end":{"line":47,"column":113}},"19":{"start":{"line":58,"column":19},"end":{"line":58,"column":33}},"20":{"start":{"line":60,"column":4},"end":{"line":65,"column":5}},"21":{"start":{"line":61,"column":8},"end":{"line":64,"column":11}},"22":{"start":{"line":67,"column":25},"end":{"line":67,"column":39}},"23":{"start":{"line":70,"column":4},"end":{"line":72,"column":5}},"24":{"start":{"line":71,"column":8},"end":{"line":71,"column":100}},"25":{"start":{"line":74,"column":4},"end":{"line":76,"column":5}},"26":{"start":{"line":75,"column":8},"end":{"line":75,"column":139}},"27":{"start":{"line":78,"column":4},"end":{"line":80,"column":5}},"28":{"start":{"line":79,"column":8},"end":{"line":79,"column":114}},"29":{"start":{"line":82,"column":18},"end":{"line":82,"column":69}},"30":{"start":{"line":83,"column":4},"end":{"line":83,"column":33}},"31":{"start":{"line":85,"column":4},"end":{"line":89,"column":5}},"32":{"start":{"line":87,"column":8},"end":{"line":87,"column":86}},"33":{"start":{"line":88,"column":8},"end":{"line":88,"column":67}},"34":{"start":{"line":92,"column":4},"end":{"line":92,"column":77}},"35":{"start":{"line":94,"column":18},"end":{"line":98,"column":58}},"36":{"start":{"line":100,"column":4},"end":{"line":104,"column":7}},"37":{"start":{"line":109,"column":23},"end":{"line":109,"column":54}},"38":{"start":{"line":110,"column":18},"end":{"line":110,"column":79}},"39":{"start":{"line":112,"column":4},"end":{"line":114,"column":5}},"40":{"start":{"line":113,"column":8},"end":{"line":113,"column":97}},"41":{"start":{"line":116,"column":4},"end":{"line":138,"column":5}},"42":{"start":{"line":117,"column":24},"end":{"line":117,"column":59}},"43":{"start":{"line":118,"column":8},"end":{"line":120,"column":9}},"44":{"start":{"line":119,"column":12},"end":{"line":119,"column":96}},"45":{"start":{"line":123,"column":8},"end":{"line":129,"column":9}},"46":{"start":{"line":124,"column":34},"end":{"line":124,"column":48}},"47":{"start":{"line":125,"column":12},"end":{"line":128,"column":13}},"48":{"start":{"line":126,"column":16},"end":{"line":126,"column":127}},"49":{"start":{"line":127,"column":16},"end":{"line":127,"column":101}},"50":{"start":{"line":132,"column":8},"end":{"line":132,"column":35}},"51":{"start":{"line":134,"column":8},"end":{"line":136,"column":9}},"52":{"start":{"line":135,"column":12},"end":{"line":135,"column":129}},"53":{"start":{"line":137,"column":8},"end":{"line":137,"column":87}},"54":{"start":{"line":140,"column":4},"end":{"line":140,"column":18}},"55":{"start":{"line":143,"column":0},"end":{"line":143,"column":59}}},"fnMap":{"0":{"name":"hashIp","decl":{"start":{"line":26,"column":9},"end":{"line":26,"column":15}},"loc":{"start":{"line":26,"column":20},"end":{"line":28,"column":1}},"line":26},"1":{"name":"isLockedOut","decl":{"start":{"line":37,"column":9},"end":{"line":37,"column":20}},"loc":{"start":{"line":37,"column":29},"end":{"line":44,"column":1}},"line":37},"2":{"name":"recordAttempt","decl":{"start":{"line":46,"column":9},"end":{"line":46,"column":22}},"loc":{"start":{"line":46,"column":40},"end":{"line":48,"column":1}},"line":46},"3":{"name":"handleAdminLogin","decl":{"start":{"line":57,"column":15},"end":{"line":57,"column":31}},"loc":{"start":{"line":57,"column":42},"end":{"line":105,"column":1}},"line":57},"4":{"name":"requireAdminSession","decl":{"start":{"line":108,"column":9},"end":{"line":108,"column":28}},"loc":{"start":{"line":108,"column":45},"end":{"line":141,"column":1}},"line":108}},"branchMap":{"0":{"loc":{"start":{"line":9,"column":0},"end":{"line":11,"column":1}},"type":"if","locations":[{"start":{"line":9,"column":0},"end":{"line":11,"column":1}},{"start":{},"end":{}}],"line":9},"1":{"loc":{"start":{"line":12,"column":0},"end":{"line":17,"column":1}},"type":"if","locations":[{"start":{"line":12,"column":0},"end":{"line":17,"column":1}},{"start":{},"end":{}}],"line":12},"2":{"loc":{"start":{"line":20,"column":28},"end":{"line":20,"column":69}},"type":"binary-expr","locations":[{"start":{"line":20,"column":28},"end":{"line":20,"column":64}},{"start":{"line":20,"column":68},"end":{"line":20,"column":69}}],"line":20},"3":{"loc":{"start":{"line":21,"column":31},"end":{"line":21,"column":76}},"type":"binary-expr","locations":[{"start":{"line":21,"column":31},"end":{"line":21,"column":70}},{"start":{"line":21,"column":74},"end":{"line":21,"column":76}}],"line":21},"4":{"loc":{"start":{"line":27,"column":53},"end":{"line":27,"column":68}},"type":"binary-expr","locations":[{"start":{"line":27,"column":53},"end":{"line":27,"column":55}},{"start":{"line":27,"column":59},"end":{"line":27,"column":68}}],"line":27},"5":{"loc":{"start":{"line":47,"column":96},"end":{"line":47,"column":111}},"type":"cond-expr","locations":[{"start":{"line":47,"column":106},"end":{"line":47,"column":107}},{"start":{"line":47,"column":110},"end":{"line":47,"column":111}}],"line":47},"6":{"loc":{"start":{"line":60,"column":4},"end":{"line":65,"column":5}},"type":"if","locations":[{"start":{"line":60,"column":4},"end":{"line":65,"column":5}},{"start":{},"end":{}}],"line":60},"7":{"loc":{"start":{"line":67,"column":25},"end":{"line":67,"column":39}},"type":"binary-expr","locations":[{"start":{"line":67,"column":25},"end":{"line":67,"column":33}},{"start":{"line":67,"column":37},"end":{"line":67,"column":39}}],"line":67},"8":{"loc":{"start":{"line":70,"column":4},"end":{"line":72,"column":5}},"type":"if","locations":[{"start":{"line":70,"column":4},"end":{"line":72,"column":5}},{"start":{},"end":{}}],"line":70},"9":{"loc":{"start":{"line":70,"column":8},"end":{"line":70,"column":61}},"type":"binary-expr","locations":[{"start":{"line":70,"column":8},"end":{"line":70,"column":36}},{"start":{"line":70,"column":40},"end":{"line":70,"column":61}}],"line":70},"10":{"loc":{"start":{"line":74,"column":4},"end":{"line":76,"column":5}},"type":"if","locations":[{"start":{"line":74,"column":4},"end":{"line":76,"column":5}},{"start":{},"end":{}}],"line":74},"11":{"loc":{"start":{"line":78,"column":4},"end":{"line":80,"column":5}},"type":"if","locations":[{"start":{"line":78,"column":4},"end":{"line":80,"column":5}},{"start":{},"end":{}}],"line":78},"12":{"loc":{"start":{"line":85,"column":4},"end":{"line":89,"column":5}},"type":"if","locations":[{"start":{"line":85,"column":4},"end":{"line":89,"column":5}},{"start":{},"end":{}}],"line":85},"13":{"loc":{"start":{"line":109,"column":23},"end":{"line":109,"column":54}},"type":"binary-expr","locations":[{"start":{"line":109,"column":23},"end":{"line":109,"column":48}},{"start":{"line":109,"column":52},"end":{"line":109,"column":54}}],"line":109},"14":{"loc":{"start":{"line":110,"column":18},"end":{"line":110,"column":79}},"type":"cond-expr","locations":[{"start":{"line":110,"column":53},"end":{"line":110,"column":72}},{"start":{"line":110,"column":75},"end":{"line":110,"column":79}}],"line":110},"15":{"loc":{"start":{"line":112,"column":4},"end":{"line":114,"column":5}},"type":"if","locations":[{"start":{"line":112,"column":4},"end":{"line":114,"column":5}},{"start":{},"end":{}}],"line":112},"16":{"loc":{"start":{"line":118,"column":8},"end":{"line":120,"column":9}},"type":"if","locations":[{"start":{"line":118,"column":8},"end":{"line":120,"column":9}},{"start":{},"end":{}}],"line":118},"17":{"loc":{"start":{"line":123,"column":8},"end":{"line":129,"column":9}},"type":"if","locations":[{"start":{"line":123,"column":8},"end":{"line":129,"column":9}},{"start":{},"end":{}}],"line":123},"18":{"loc":{"start":{"line":123,"column":12},"end":{"line":123,"column":63}},"type":"binary-expr","locations":[{"start":{"line":123,"column":12},"end":{"line":123,"column":49}},{"start":{"line":123,"column":53},"end":{"line":123,"column":63}}],"line":123},"19":{"loc":{"start":{"line":125,"column":12},"end":{"line":128,"column":13}},"type":"if","locations":[{"start":{"line":125,"column":12},"end":{"line":128,"column":13}},{"start":{},"end":{}}],"line":125},"20":{"loc":{"start":{"line":134,"column":8},"end":{"line":136,"column":9}},"type":"if","locations":[{"start":{"line":134,"column":8},"end":{"line":136,"column":9}},{"start":{},"end":{}}],"line":134}},"s":{"0":1,"1":1,"2":1,"3":1,"4":1,"5":1,"6":1,"7":0,"8":1,"9":0,"10":1,"11":1,"12":1,"13":1,"14":1,"15":6,"16":6,"17":6,"18":1,"19":6,"20":6,"21":1,"22":5,"23":5,"24":1,"25":4,"26":1,"27":3,"28":2,"29":1,"30":1,"31":1,"32":1,"33":1,"34":0,"35":0,"36":0,"37":5,"38":5,"39":5,"40":1,"41":4,"42":4,"43":2,"44":1,"45":1,"46":0,"47":0,"48":0,"49":0,"50":1,"51":2,"52":1,"53":1,"54":1,"55":1},"f":{"0":6,"1":6,"2":1,"3":6,"4":5},"b":{"0":[0,1],"1":[0,1],"2":[1,1],"3":[1,1],"4":[6,0],"5":[0,1],"6":[1,5],"7":[5,0],"8":[1,4],"9":[5,4],"10":[1,3],"11":[2,1],"12":[1,0],"13":[5,1],"14":[4,1],"15":[1,4],"16":[1,1],"17":[0,1],"18":[1,0],"19":[0,0],"20":[1,1]},"_coverageSchema":"1a1c01bbd47fc00a2c39e90264f33305004495a9","hash":"499e2d3b69b9aa837242f51116ee6424bf648870"}
,"D:\\project\\vscode-egypt-buildpack-session4\\vscode-egypt\\vse-backend\\middleware\\auth.js": {"path":"D:\\project\\vscode-egypt-buildpack-session4\\vscode-egypt\\vse-backend\\middleware\\auth.js","statementMap":{"0":{"start":{"line":1,"column":12},"end":{"line":1,"column":35}},"1":{"start":{"line":2,"column":11},"end":{"line":2,"column":27}},"2":{"start":{"line":4,"column":15},"end":{"line":4,"column":45}},"3":{"start":{"line":6,"column":0},"end":{"line":8,"column":1}},"4":{"start":{"line":7,"column":4},"end":{"line":7,"column":107}},"5":{"start":{"line":28,"column":23},"end":{"line":28,"column":54}},"6":{"start":{"line":29,"column":18},"end":{"line":29,"column":79}},"7":{"start":{"line":31,"column":4},"end":{"line":33,"column":5}},"8":{"start":{"line":32,"column":8},"end":{"line":32,"column":118}},"9":{"start":{"line":36,"column":4},"end":{"line":38,"column":5}},"10":{"start":{"line":37,"column":8},"end":{"line":37,"column":102}},"11":{"start":{"line":41,"column":4},"end":{"line":49,"column":5}},"12":{"start":{"line":42,"column":8},"end":{"line":45,"column":11}},"13":{"start":{"line":47,"column":23},"end":{"line":47,"column":79}},"14":{"start":{"line":48,"column":8},"end":{"line":48,"column":91}},"15":{"start":{"line":52,"column":4},"end":{"line":54,"column":5}},"16":{"start":{"line":53,"column":8},"end":{"line":53,"column":110}},"17":{"start":{"line":56,"column":4},"end":{"line":75,"column":5}},"18":{"start":{"line":58,"column":8},"end":{"line":60,"column":9}},"19":{"start":{"line":59,"column":12},"end":{"line":59,"column":111}},"20":{"start":{"line":62,"column":21},"end":{"line":62,"column":107}},"21":{"start":{"line":63,"column":8},"end":{"line":65,"column":9}},"22":{"start":{"line":64,"column":12},"end":{"line":64,"column":123}},"23":{"start":{"line":68,"column":8},"end":{"line":71,"column":9}},"24":{"start":{"line":70,"column":12},"end":{"line":70,"column":116}},"25":{"start":{"line":73,"column":8},"end":{"line":73,"column":52}},"26":{"start":{"line":74,"column":8},"end":{"line":74,"column":22}},"27":{"start":{"line":77,"column":4},"end":{"line":100,"column":5}},"28":{"start":{"line":79,"column":8},"end":{"line":81,"column":9}},"29":{"start":{"line":80,"column":12},"end":{"line":80,"column":119}},"30":{"start":{"line":83,"column":24},"end":{"line":85,"column":39}},"31":{"start":{"line":87,"column":8},"end":{"line":89,"column":9}},"32":{"start":{"line":88,"column":12},"end":{"line":88,"column":110}},"33":{"start":{"line":90,"column":8},"end":{"line":92,"column":9}},"34":{"start":{"line":91,"column":12},"end":{"line":91,"column":124}},"35":{"start":{"line":93,"column":8},"end":{"line":96,"column":9}},"36":{"start":{"line":94,"column":12},"end":{"line":94,"column":97}},"37":{"start":{"line":95,"column":12},"end":{"line":95,"column":110}},"38":{"start":{"line":98,"column":8},"end":{"line":98,"column":82}},"39":{"start":{"line":99,"column":8},"end":{"line":99,"column":22}},"40":{"start":{"line":102,"column":4},"end":{"line":102,"column":101}},"41":{"start":{"line":105,"column":0},"end":{"line":105,"column":49}}},"fnMap":{"0":{"name":"requireValidLicense","decl":{"start":{"line":27,"column":9},"end":{"line":27,"column":28}},"loc":{"start":{"line":27,"column":45},"end":{"line":103,"column":1}},"line":27}},"branchMap":{"0":{"loc":{"start":{"line":6,"column":0},"end":{"line":8,"column":1}},"type":"if","locations":[{"start":{"line":6,"column":0},"end":{"line":8,"column":1}},{"start":{},"end":{}}],"line":6},"1":{"loc":{"start":{"line":28,"column":23},"end":{"line":28,"column":54}},"type":"binary-expr","locations":[{"start":{"line":28,"column":23},"end":{"line":28,"column":48}},{"start":{"line":28,"column":52},"end":{"line":28,"column":54}}],"line":28},"2":{"loc":{"start":{"line":29,"column":18},"end":{"line":29,"column":79}},"type":"cond-expr","locations":[{"start":{"line":29,"column":53},"end":{"line":29,"column":72}},{"start":{"line":29,"column":75},"end":{"line":29,"column":79}}],"line":29},"3":{"loc":{"start":{"line":31,"column":4},"end":{"line":33,"column":5}},"type":"if","locations":[{"start":{"line":31,"column":4},"end":{"line":33,"column":5}},{"start":{},"end":{}}],"line":31},"4":{"loc":{"start":{"line":36,"column":4},"end":{"line":38,"column":5}},"type":"if","locations":[{"start":{"line":36,"column":4},"end":{"line":38,"column":5}},{"start":{},"end":{}}],"line":36},"5":{"loc":{"start":{"line":47,"column":23},"end":{"line":47,"column":79}},"type":"cond-expr","locations":[{"start":{"line":47,"column":58},"end":{"line":47,"column":67}},{"start":{"line":47,"column":70},"end":{"line":47,"column":79}}],"line":47},"6":{"loc":{"start":{"line":52,"column":4},"end":{"line":54,"column":5}},"type":"if","locations":[{"start":{"line":52,"column":4},"end":{"line":54,"column":5}},{"start":{},"end":{}}],"line":52},"7":{"loc":{"start":{"line":52,"column":8},"end":{"line":52,"column":47}},"type":"binary-expr","locations":[{"start":{"line":52,"column":8},"end":{"line":52,"column":16}},{"start":{"line":52,"column":20},"end":{"line":52,"column":47}}],"line":52},"8":{"loc":{"start":{"line":56,"column":4},"end":{"line":75,"column":5}},"type":"if","locations":[{"start":{"line":56,"column":4},"end":{"line":75,"column":5}},{"start":{},"end":{}}],"line":56},"9":{"loc":{"start":{"line":58,"column":8},"end":{"line":60,"column":9}},"type":"if","locations":[{"start":{"line":58,"column":8},"end":{"line":60,"column":9}},{"start":{},"end":{}}],"line":58},"10":{"loc":{"start":{"line":58,"column":12},"end":{"line":58,"column":41}},"type":"binary-expr","locations":[{"start":{"line":58,"column":12},"end":{"line":58,"column":24}},{"start":{"line":58,"column":28},"end":{"line":58,"column":41}}],"line":58},"11":{"loc":{"start":{"line":63,"column":8},"end":{"line":65,"column":9}},"type":"if","locations":[{"start":{"line":63,"column":8},"end":{"line":65,"column":9}},{"start":{},"end":{}}],"line":63},"12":{"loc":{"start":{"line":63,"column":12},"end":{"line":63,"column":41}},"type":"binary-expr","locations":[{"start":{"line":63,"column":12},"end":{"line":63,"column":17}},{"start":{"line":63,"column":21},"end":{"line":63,"column":41}}],"line":63},"13":{"loc":{"start":{"line":68,"column":8},"end":{"line":71,"column":9}},"type":"if","locations":[{"start":{"line":68,"column":8},"end":{"line":71,"column":9}},{"start":{},"end":{}}],"line":68},"14":{"loc":{"start":{"line":77,"column":4},"end":{"line":100,"column":5}},"type":"if","locations":[{"start":{"line":77,"column":4},"end":{"line":100,"column":5}},{"start":{},"end":{}}],"line":77},"15":{"loc":{"start":{"line":79,"column":8},"end":{"line":81,"column":9}},"type":"if","locations":[{"start":{"line":79,"column":8},"end":{"line":81,"column":9}},{"start":{},"end":{}}],"line":79},"16":{"loc":{"start":{"line":79,"column":12},"end":{"line":79,"column":40}},"type":"binary-expr","locations":[{"start":{"line":79,"column":12},"end":{"line":79,"column":24}},{"start":{"line":79,"column":28},"end":{"line":79,"column":40}}],"line":79},"17":{"loc":{"start":{"line":87,"column":8},"end":{"line":89,"column":9}},"type":"if","locations":[{"start":{"line":87,"column":8},"end":{"line":89,"column":9}},{"start":{},"end":{}}],"line":87},"18":{"loc":{"start":{"line":90,"column":8},"end":{"line":92,"column":9}},"type":"if","locations":[{"start":{"line":90,"column":8},"end":{"line":92,"column":9}},{"start":{},"end":{}}],"line":90},"19":{"loc":{"start":{"line":93,"column":8},"end":{"line":96,"column":9}},"type":"if","locations":[{"start":{"line":93,"column":8},"end":{"line":96,"column":9}},{"start":{},"end":{}}],"line":93}},"s":{"0":2,"1":2,"2":2,"3":2,"4":0,"5":13,"6":13,"7":13,"8":1,"9":12,"10":1,"11":11,"12":11,"13":2,"14":2,"15":9,"16":0,"17":9,"18":4,"19":1,"20":3,"21":3,"22":2,"23":1,"24":0,"25":1,"26":1,"27":5,"28":4,"29":0,"30":4,"31":4,"32":1,"33":3,"34":1,"35":2,"36":1,"37":1,"38":1,"39":1,"40":1,"41":2},"f":{"0":13},"b":{"0":[0,2],"1":[13,1],"2":[12,1],"3":[1,12],"4":[1,11],"5":[1,1],"6":[0,9],"7":[9,9],"8":[4,5],"9":[1,3],"10":[4,3],"11":[2,1],"12":[3,2],"13":[0,1],"14":[4,1],"15":[0,4],"16":[4,4],"17":[1,3],"18":[1,2],"19":[1,1]},"_coverageSchema":"1a1c01bbd47fc00a2c39e90264f33305004495a9","hash":"ab2d0a7aad164d9440400c4a00d6703dc05a2eac"}
,"D:\\project\\vscode-egypt-buildpack-session4\\vscode-egypt\\vse-backend\\middleware\\tokenGuard.js": {"path":"D:\\project\\vscode-egypt-buildpack-session4\\vscode-egypt\\vse-backend\\middleware\\tokenGuard.js","statementMap":{"0":{"start":{"line":1,"column":11},"end":{"line":1,"column":27}},"1":{"start":{"line":3,"column":20},"end":{"line":7,"column":1}},"2":{"start":{"line":10,"column":14},"end":{"line":10,"column":24}},"3":{"start":{"line":11,"column":4},"end":{"line":11,"column":83}},"4":{"start":{"line":22,"column":19},"end":{"line":22,"column":34}},"5":{"start":{"line":23,"column":16},"end":{"line":25,"column":30}},"6":{"start":{"line":26,"column":17},"end":{"line":26,"column":68}},"7":{"start":{"line":27,"column":18},"end":{"line":27,"column":49}},"8":{"start":{"line":29,"column":17},"end":{"line":29,"column":124}},"9":{"start":{"line":30,"column":28},"end":{"line":30,"column":113}},"10":{"start":{"line":32,"column":26},"end":{"line":32,"column":39}},"11":{"start":{"line":33,"column":4},"end":{"line":41,"column":5}},"12":{"start":{"line":34,"column":8},"end":{"line":40,"column":11}},"13":{"start":{"line":46,"column":4},"end":{"line":46,"column":91}},"14":{"start":{"line":47,"column":4},"end":{"line":47,"column":11}},"15":{"start":{"line":52,"column":4},"end":{"line":60,"column":59}},"16":{"start":{"line":62,"column":4},"end":{"line":70,"column":71}},"17":{"start":{"line":72,"column":4},"end":{"line":75,"column":5}},"18":{"start":{"line":73,"column":8},"end":{"line":74,"column":58}},"19":{"start":{"line":78,"column":0},"end":{"line":78,"column":66}}},"fnMap":{"0":{"name":"currentPeriod","decl":{"start":{"line":9,"column":9},"end":{"line":9,"column":22}},"loc":{"start":{"line":9,"column":25},"end":{"line":12,"column":1}},"line":9},"1":{"name":"requireTokenBudget","decl":{"start":{"line":21,"column":9},"end":{"line":21,"column":27}},"loc":{"start":{"line":21,"column":44},"end":{"line":48,"column":1}},"line":21},"2":{"name":"recordUsage","decl":{"start":{"line":51,"column":9},"end":{"line":51,"column":20}},"loc":{"start":{"line":51,"column":113},"end":{"line":76,"column":1}},"line":51}},"branchMap":{"0":{"loc":{"start":{"line":4,"column":17},"end":{"line":4,"column":58}},"type":"binary-expr","locations":[{"start":{"line":4,"column":17},"end":{"line":4,"column":53}},{"start":{"line":4,"column":57},"end":{"line":4,"column":58}}],"line":4},"1":{"loc":{"start":{"line":5,"column":16},"end":{"line":5,"column":64}},"type":"binary-expr","locations":[{"start":{"line":5,"column":16},"end":{"line":5,"column":51}},{"start":{"line":5,"column":55},"end":{"line":5,"column":64}}],"line":5},"2":{"loc":{"start":{"line":6,"column":17},"end":{"line":6,"column":66}},"type":"binary-expr","locations":[{"start":{"line":6,"column":17},"end":{"line":6,"column":53}},{"start":{"line":6,"column":57},"end":{"line":6,"column":66}}],"line":6},"3":{"loc":{"start":{"line":26,"column":17},"end":{"line":26,"column":68}},"type":"cond-expr","locations":[{"start":{"line":26,"column":23},"end":{"line":26,"column":64}},{"start":{"line":26,"column":67},"end":{"line":26,"column":68}}],"line":26},"4":{"loc":{"start":{"line":27,"column":18},"end":{"line":27,"column":49}},"type":"binary-expr","locations":[{"start":{"line":27,"column":18},"end":{"line":27,"column":44}},{"start":{"line":27,"column":48},"end":{"line":27,"column":49}}],"line":27},"5":{"loc":{"start":{"line":30,"column":41},"end":{"line":30,"column":73}},"type":"binary-expr","locations":[{"start":{"line":30,"column":41},"end":{"line":30,"column":68}},{"start":{"line":30,"column":72},"end":{"line":30,"column":73}}],"line":30},"6":{"loc":{"start":{"line":30,"column":78},"end":{"line":30,"column":111}},"type":"binary-expr","locations":[{"start":{"line":30,"column":78},"end":{"line":30,"column":106}},{"start":{"line":30,"column":110},"end":{"line":30,"column":111}}],"line":30},"7":{"loc":{"start":{"line":33,"column":4},"end":{"line":41,"column":5}},"type":"if","locations":[{"start":{"line":33,"column":4},"end":{"line":41,"column":5}},{"start":{},"end":{}}],"line":33},"8":{"loc":{"start":{"line":33,"column":8},"end":{"line":33,"column":45}},"type":"binary-expr","locations":[{"start":{"line":33,"column":8},"end":{"line":33,"column":21}},{"start":{"line":33,"column":25},"end":{"line":33,"column":45}}],"line":33},"9":{"loc":{"start":{"line":51,"column":69},"end":{"line":51,"column":90}},"type":"default-arg","locations":[{"start":{"line":51,"column":82},"end":{"line":51,"column":90}}],"line":51},"10":{"loc":{"start":{"line":51,"column":92},"end":{"line":51,"column":111}},"type":"default-arg","locations":[{"start":{"line":51,"column":106},"end":{"line":51,"column":111}}],"line":51},"11":{"loc":{"start":{"line":72,"column":4},"end":{"line":75,"column":5}},"type":"if","locations":[{"start":{"line":72,"column":4},"end":{"line":75,"column":5}},{"start":{},"end":{}}],"line":72}},"s":{"0":3,"1":3,"2":5,"3":5,"4":5,"5":5,"6":5,"7":5,"8":5,"9":5,"10":5,"11":5,"12":2,"13":3,"14":3,"15":3,"16":3,"17":3,"18":1,"19":3},"f":{"0":5,"1":5,"2":3},"b":{"0":[3,2],"1":[3,3],"2":[3,3],"3":[4,1],"4":[5,0],"5":[5,0],"6":[5,0],"7":[2,3],"8":[5,3],"9":[1],"10":[1],"11":[1,2]},"_coverageSchema":"1a1c01bbd47fc00a2c39e90264f33305004495a9","hash":"75f5d51f1175d2f9a9cfd510124814fadc29efd9"}
,"D:\\project\\vscode-egypt-buildpack-session4\\vscode-egypt\\vse-backend\\routes\\agent.js": {"path":"D:\\project\\vscode-egypt-buildpack-session4\\vscode-egypt\\vse-backend\\routes\\agent.js","statementMap":{"0":{"start":{"line":1,"column":16},"end":{"line":1,"column":34}},"1":{"start":{"line":2,"column":44},"end":{"line":2,"column":79}},"2":{"start":{"line":3,"column":27},"end":{"line":3,"column":54}},"3":{"start":{"line":5,"column":15},"end":{"line":5,"column":31}},"4":{"start":{"line":7,"column":27},"end":{"line":19,"column":65}},"5":{"start":{"line":25,"column":17},"end":{"line":25,"column":84}},"6":{"start":{"line":26,"column":1},"end":{"line":34,"column":2}},"7":{"start":{"line":27,"column":17},"end":{"line":27,"column":36}},"8":{"start":{"line":28,"column":2},"end":{"line":30,"column":3}},"9":{"start":{"line":29,"column":3},"end":{"line":29,"column":15}},"10":{"start":{"line":31,"column":2},"end":{"line":31,"column":16}},"11":{"start":{"line":33,"column":2},"end":{"line":33,"column":14}},"12":{"start":{"line":45,"column":0},"end":{"line":118,"column":3}},"13":{"start":{"line":46,"column":62},"end":{"line":46,"column":76}},"14":{"start":{"line":48,"column":1},"end":{"line":50,"column":2}},"15":{"start":{"line":49,"column":2},"end":{"line":49,"column":92}},"16":{"start":{"line":52,"column":21},"end":{"line":52,"column":47}},"17":{"start":{"line":53,"column":1},"end":{"line":55,"column":2}},"18":{"start":{"line":54,"column":2},"end":{"line":54,"column":58}},"19":{"start":{"line":56,"column":1},"end":{"line":58,"column":2}},"20":{"start":{"line":57,"column":2},"end":{"line":57,"column":144}},"21":{"start":{"line":60,"column":21},"end":{"line":62,"column":6}},"22":{"start":{"line":61,"column":26},"end":{"line":61,"column":73}},"23":{"start":{"line":64,"column":21},"end":{"line":64,"column":86}},"24":{"start":{"line":67,"column":19},"end":{"line":70,"column":3}},"25":{"start":{"line":71,"column":2},"end":{"line":73,"column":3}},"26":{"start":{"line":72,"column":3},"end":{"line":72,"column":173}},"27":{"start":{"line":75,"column":19},"end":{"line":79,"column":4}},"28":{"start":{"line":81,"column":2},"end":{"line":85,"column":3}},"29":{"start":{"line":82,"column":19},"end":{"line":82,"column":56}},"30":{"start":{"line":82,"column":53},"end":{"line":82,"column":55}},"31":{"start":{"line":83,"column":3},"end":{"line":83,"column":123}},"32":{"start":{"line":84,"column":3},"end":{"line":84,"column":37}},"33":{"start":{"line":87,"column":15},"end":{"line":87,"column":36}},"34":{"start":{"line":88,"column":18},"end":{"line":88,"column":60}},"35":{"start":{"line":89,"column":16},"end":{"line":89,"column":33}},"36":{"start":{"line":90,"column":2},"end":{"line":90,"column":109}},"37":{"start":{"line":93,"column":1},"end":{"line":117,"column":2}},"38":{"start":{"line":94,"column":52},"end":{"line":94,"column":74}},"39":{"start":{"line":95,"column":13},"end":{"line":95,"column":34}},"40":{"start":{"line":97,"column":2},"end":{"line":105,"column":3}},"41":{"start":{"line":101,"column":17},"end":{"line":101,"column":38}},"42":{"start":{"line":102,"column":3},"end":{"line":102,"column":38}},"43":{"start":{"line":103,"column":3},"end":{"line":103,"column":46}},"44":{"start":{"line":104,"column":3},"end":{"line":104,"column":38}},"45":{"start":{"line":107,"column":2},"end":{"line":107,"column":124}},"46":{"start":{"line":109,"column":2},"end":{"line":111,"column":3}},"47":{"start":{"line":110,"column":3},"end":{"line":110,"column":164}},"48":{"start":{"line":113,"column":2},"end":{"line":113,"column":21}},"49":{"start":{"line":115,"column":2},"end":{"line":115,"column":56}},"50":{"start":{"line":116,"column":2},"end":{"line":116,"column":122}},"51":{"start":{"line":120,"column":0},"end":{"line":120,"column":24}}},"fnMap":{"0":{"name":"tryParsePlan","decl":{"start":{"line":21,"column":9},"end":{"line":21,"column":21}},"loc":{"start":{"line":21,"column":27},"end":{"line":35,"column":1}},"line":21},"1":{"name":"(anonymous_1)","decl":{"start":{"line":45,"column":41},"end":{"line":45,"column":42}},"loc":{"start":{"line":45,"column":61},"end":{"line":118,"column":1}},"line":45},"2":{"name":"(anonymous_2)","decl":{"start":{"line":61,"column":21},"end":{"line":61,"column":22}},"loc":{"start":{"line":61,"column":26},"end":{"line":61,"column":73}},"line":61},"3":{"name":"callModel","decl":{"start":{"line":66,"column":16},"end":{"line":66,"column":25}},"loc":{"start":{"line":66,"column":41},"end":{"line":91,"column":2}},"line":66},"4":{"name":"(anonymous_4)","decl":{"start":{"line":82,"column":47},"end":{"line":82,"column":48}},"loc":{"start":{"line":82,"column":53},"end":{"line":82,"column":55}},"line":82}},"branchMap":{"0":{"loc":{"start":{"line":28,"column":2},"end":{"line":30,"column":3}},"type":"if","locations":[{"start":{"line":28,"column":2},"end":{"line":30,"column":3}},{"start":{},"end":{}}],"line":28},"1":{"loc":{"start":{"line":28,"column":6},"end":{"line":28,"column":77}},"type":"binary-expr","locations":[{"start":{"line":28,"column":6},"end":{"line":28,"column":34}},{"start":{"line":28,"column":38},"end":{"line":28,"column":77}}],"line":28},"2":{"loc":{"start":{"line":46,"column":22},"end":{"line":46,"column":43}},"type":"default-arg","locations":[{"start":{"line":46,"column":35},"end":{"line":46,"column":43}}],"line":46},"3":{"loc":{"start":{"line":46,"column":62},"end":{"line":46,"column":76}},"type":"binary-expr","locations":[{"start":{"line":46,"column":62},"end":{"line":46,"column":70}},{"start":{"line":46,"column":74},"end":{"line":46,"column":76}}],"line":46},"4":{"loc":{"start":{"line":48,"column":1},"end":{"line":50,"column":2}},"type":"if","locations":[{"start":{"line":48,"column":1},"end":{"line":50,"column":2}},{"start":{},"end":{}}],"line":48},"5":{"loc":{"start":{"line":48,"column":5},"end":{"line":48,"column":38}},"type":"binary-expr","locations":[{"start":{"line":48,"column":5},"end":{"line":48,"column":10}},{"start":{"line":48,"column":14},"end":{"line":48,"column":38}}],"line":48},"6":{"loc":{"start":{"line":53,"column":1},"end":{"line":55,"column":2}},"type":"if","locations":[{"start":{"line":53,"column":1},"end":{"line":55,"column":2}},{"start":{},"end":{}}],"line":53},"7":{"loc":{"start":{"line":56,"column":1},"end":{"line":58,"column":2}},"type":"if","locations":[{"start":{"line":56,"column":1},"end":{"line":58,"column":2}},{"start":{},"end":{}}],"line":56},"8":{"loc":{"start":{"line":60,"column":21},"end":{"line":62,"column":6}},"type":"cond-expr","locations":[{"start":{"line":61,"column":4},"end":{"line":61,"column":87}},{"start":{"line":62,"column":4},"end":{"line":62,"column":6}}],"line":60},"9":{"loc":{"start":{"line":60,"column":21},"end":{"line":60,"column":75}},"type":"binary-expr","locations":[{"start":{"line":60,"column":21},"end":{"line":60,"column":48}},{"start":{"line":60,"column":52},"end":{"line":60,"column":75}}],"line":60},"10":{"loc":{"start":{"line":64,"column":21},"end":{"line":64,"column":86}},"type":"cond-expr","locations":[{"start":{"line":64,"column":35},"end":{"line":64,"column":68}},{"start":{"line":64,"column":71},"end":{"line":64,"column":86}}],"line":64},"11":{"loc":{"start":{"line":71,"column":2},"end":{"line":73,"column":3}},"type":"if","locations":[{"start":{"line":71,"column":2},"end":{"line":73,"column":3}},{"start":{},"end":{}}],"line":71},"12":{"loc":{"start":{"line":81,"column":2},"end":{"line":85,"column":3}},"type":"if","locations":[{"start":{"line":81,"column":2},"end":{"line":85,"column":3}},{"start":{},"end":{}}],"line":81},"13":{"loc":{"start":{"line":88,"column":18},"end":{"line":88,"column":60}},"type":"binary-expr","locations":[{"start":{"line":88,"column":18},"end":{"line":88,"column":54}},{"start":{"line":88,"column":58},"end":{"line":88,"column":60}}],"line":88},"14":{"loc":{"start":{"line":89,"column":16},"end":{"line":89,"column":33}},"type":"binary-expr","locations":[{"start":{"line":89,"column":16},"end":{"line":89,"column":27}},{"start":{"line":89,"column":31},"end":{"line":89,"column":33}}],"line":89},"15":{"loc":{"start":{"line":90,"column":34},"end":{"line":90,"column":58}},"type":"binary-expr","locations":[{"start":{"line":90,"column":34},"end":{"line":90,"column":53}},{"start":{"line":90,"column":57},"end":{"line":90,"column":58}}],"line":90},"16":{"loc":{"start":{"line":90,"column":78},"end":{"line":90,"column":106}},"type":"binary-expr","locations":[{"start":{"line":90,"column":78},"end":{"line":90,"column":101}},{"start":{"line":90,"column":105},"end":{"line":90,"column":106}}],"line":90},"17":{"loc":{"start":{"line":97,"column":2},"end":{"line":105,"column":3}},"type":"if","locations":[{"start":{"line":97,"column":2},"end":{"line":105,"column":3}},{"start":{},"end":{}}],"line":97},"18":{"loc":{"start":{"line":109,"column":2},"end":{"line":111,"column":3}},"type":"if","locations":[{"start":{"line":109,"column":2},"end":{"line":111,"column":3}},{"start":{},"end":{}}],"line":109}},"s":{"0":0,"1":0,"2":0,"3":0,"4":0,"5":0,"6":0,"7":0,"8":0,"9":0,"10":0,"11":0,"12":0,"13":0,"14":0,"15":0,"16":0,"17":0,"18":0,"19":0,"20":0,"21":0,"22":0,"23":0,"24":0,"25":0,"26":0,"27":0,"28":0,"29":0,"30":0,"31":0,"32":0,"33":0,"34":0,"35":0,"36":0,"37":0,"38":0,"39":0,"40":0,"41":0,"42":0,"43":0,"44":0,"45":0,"46":0,"47":0,"48":0,"49":0,"50":0,"51":0},"f":{"0":0,"1":0,"2":0,"3":0,"4":0},"b":{"0":[0,0],"1":[0,0],"2":[0],"3":[0,0],"4":[0,0],"5":[0,0],"6":[0,0],"7":[0,0],"8":[0,0],"9":[0,0],"10":[0,0],"11":[0,0],"12":[0,0],"13":[0,0],"14":[0,0],"15":[0,0],"16":[0,0],"17":[0,0],"18":[0,0]}}
,"D:\\project\\vscode-egypt-buildpack-session4\\vscode-egypt\\vse-backend\\routes\\auth.js": {"path":"D:\\project\\vscode-egypt-buildpack-session4\\vscode-egypt\\vse-backend\\routes\\auth.js","statementMap":{"0":{"start":{"line":1,"column":16},"end":{"line":1,"column":34}},"1":{"start":{"line":2,"column":15},"end":{"line":2,"column":34}},"2":{"start":{"line":3,"column":12},"end":{"line":3,"column":35}},"3":{"start":{"line":4,"column":15},"end":{"line":4,"column":32}},"4":{"start":{"line":5,"column":11},"end":{"line":5,"column":27}},"5":{"start":{"line":6,"column":25},"end":{"line":6,"column":53}},"6":{"start":{"line":8,"column":15},"end":{"line":8,"column":31}},"7":{"start":{"line":10,"column":28},"end":{"line":10,"column":58}},"8":{"start":{"line":11,"column":24},"end":{"line":11,"column":26}},"9":{"start":{"line":12,"column":25},"end":{"line":12,"column":26}},"10":{"start":{"line":13,"column":25},"end":{"line":13,"column":30}},"11":{"start":{"line":14,"column":31},"end":{"line":14,"column":32}},"12":{"start":{"line":16,"column":0},"end":{"line":18,"column":1}},"13":{"start":{"line":17,"column":4},"end":{"line":17,"column":87}},"14":{"start":{"line":22,"column":4},"end":{"line":22,"column":67}},"15":{"start":{"line":26,"column":4},"end":{"line":26,"column":65}},"16":{"start":{"line":30,"column":4},"end":{"line":30,"column":52}},"17":{"start":{"line":39,"column":0},"end":{"line":98,"column":3}},"18":{"start":{"line":40,"column":32},"end":{"line":40,"column":46}},"19":{"start":{"line":43,"column":4},"end":{"line":45,"column":5}},"20":{"start":{"line":44,"column":8},"end":{"line":44,"column":108}},"21":{"start":{"line":47,"column":4},"end":{"line":49,"column":5}},"22":{"start":{"line":48,"column":8},"end":{"line":48,"column":105}},"23":{"start":{"line":51,"column":4},"end":{"line":53,"column":5}},"24":{"start":{"line":52,"column":8},"end":{"line":52,"column":118}},"25":{"start":{"line":55,"column":4},"end":{"line":57,"column":5}},"26":{"start":{"line":56,"column":8},"end":{"line":56,"column":121}},"27":{"start":{"line":60,"column":25},"end":{"line":60,"column":47}},"28":{"start":{"line":61,"column":25},"end":{"line":61,"column":47}},"29":{"start":{"line":62,"column":23},"end":{"line":62,"column":45}},"30":{"start":{"line":63,"column":27},"end":{"line":63,"column":66}},"31":{"start":{"line":65,"column":4},"end":{"line":70,"column":5}},"32":{"start":{"line":66,"column":8},"end":{"line":69,"column":11}},"33":{"start":{"line":72,"column":21},"end":{"line":72,"column":98}},"34":{"start":{"line":73,"column":4},"end":{"line":75,"column":5}},"35":{"start":{"line":74,"column":8},"end":{"line":74,"column":108}},"36":{"start":{"line":77,"column":25},"end":{"line":77,"column":56}},"37":{"start":{"line":80,"column":4},"end":{"line":88,"column":5}},"38":{"start":{"line":82,"column":8},"end":{"line":82,"column":101}},"39":{"start":{"line":83,"column":8},"end":{"line":83,"column":29}},"40":{"start":{"line":85,"column":21},"end":{"line":86,"column":45}},"41":{"start":{"line":87,"column":8},"end":{"line":87,"column":38}},"42":{"start":{"line":90,"column":4},"end":{"line":95,"column":5}},"43":{"start":{"line":91,"column":8},"end":{"line":91,"column":62}},"44":{"start":{"line":93,"column":8},"end":{"line":93,"column":90}},"45":{"start":{"line":94,"column":8},"end":{"line":94,"column":145}},"46":{"start":{"line":97,"column":4},"end":{"line":97,"column":94}},"47":{"start":{"line":104,"column":0},"end":{"line":120,"column":3}},"48":{"start":{"line":105,"column":29},"end":{"line":105,"column":43}},"49":{"start":{"line":106,"column":4},"end":{"line":108,"column":5}},"50":{"start":{"line":107,"column":8},"end":{"line":107,"column":66}},"51":{"start":{"line":110,"column":19},"end":{"line":110,"column":66}},"52":{"start":{"line":111,"column":4},"end":{"line":113,"column":5}},"53":{"start":{"line":112,"column":8},"end":{"line":112,"column":62}},"54":{"start":{"line":115,"column":4},"end":{"line":115,"column":79}},"55":{"start":{"line":117,"column":17},"end":{"line":117,"column":89}},"56":{"start":{"line":118,"column":19},"end":{"line":118,"column":49}},"57":{"start":{"line":119,"column":4},"end":{"line":119,"column":110}},"58":{"start":{"line":128,"column":0},"end":{"line":145,"column":3}},"59":{"start":{"line":129,"column":23},"end":{"line":129,"column":37}},"60":{"start":{"line":130,"column":17},"end":{"line":130,"column":99}},"61":{"start":{"line":131,"column":4},"end":{"line":133,"column":5}},"62":{"start":{"line":132,"column":8},"end":{"line":132,"column":60}},"63":{"start":{"line":134,"column":4},"end":{"line":136,"column":5}},"64":{"start":{"line":135,"column":8},"end":{"line":135,"column":67}},"65":{"start":{"line":138,"column":4},"end":{"line":143,"column":5}},"66":{"start":{"line":139,"column":8},"end":{"line":139,"column":68}},"67":{"start":{"line":141,"column":8},"end":{"line":141,"column":85}},"68":{"start":{"line":142,"column":8},"end":{"line":142,"column":145}},"69":{"start":{"line":144,"column":4},"end":{"line":144,"column":62}},"70":{"start":{"line":151,"column":0},"end":{"line":187,"column":3}},"71":{"start":{"line":152,"column":32},"end":{"line":152,"column":46}},"72":{"start":{"line":155,"column":4},"end":{"line":157,"column":5}},"73":{"start":{"line":156,"column":8},"end":{"line":156,"column":108}},"74":{"start":{"line":159,"column":4},"end":{"line":161,"column":5}},"75":{"start":{"line":160,"column":8},"end":{"line":160,"column":97}},"76":{"start":{"line":163,"column":4},"end":{"line":165,"column":5}},"77":{"start":{"line":164,"column":8},"end":{"line":164,"column":97}},"78":{"start":{"line":167,"column":17},"end":{"line":167,"column":77}},"79":{"start":{"line":170,"column":24},"end":{"line":170,"column":124}},"80":{"start":{"line":171,"column":23},"end":{"line":171,"column":66}},"81":{"start":{"line":173,"column":4},"end":{"line":177,"column":5}},"82":{"start":{"line":175,"column":8},"end":{"line":175,"column":76}},"83":{"start":{"line":176,"column":8},"end":{"line":176,"column":109}},"84":{"start":{"line":178,"column":4},"end":{"line":180,"column":5}},"85":{"start":{"line":179,"column":8},"end":{"line":179,"column":130}},"86":{"start":{"line":183,"column":4},"end":{"line":183,"column":68}},"87":{"start":{"line":185,"column":19},"end":{"line":185,"column":49}},"88":{"start":{"line":186,"column":4},"end":{"line":186,"column":94}},"89":{"start":{"line":195,"column":0},"end":{"line":215,"column":3}},"90":{"start":{"line":196,"column":29},"end":{"line":196,"column":43}},"91":{"start":{"line":197,"column":4},"end":{"line":199,"column":5}},"92":{"start":{"line":198,"column":8},"end":{"line":198,"column":66}},"93":{"start":{"line":201,"column":22},"end":{"line":201,"column":45}},"94":{"start":{"line":202,"column":20},"end":{"line":204,"column":20}},"95":{"start":{"line":206,"column":4},"end":{"line":208,"column":5}},"96":{"start":{"line":207,"column":8},"end":{"line":207,"column":72}},"97":{"start":{"line":210,"column":4},"end":{"line":210,"column":98}},"98":{"start":{"line":212,"column":17},"end":{"line":212,"column":98}},"99":{"start":{"line":213,"column":19},"end":{"line":213,"column":49}},"100":{"start":{"line":214,"column":4},"end":{"line":214,"column":94}},"101":{"start":{"line":222,"column":0},"end":{"line":245,"column":3}},"102":{"start":{"line":223,"column":23},"end":{"line":223,"column":54}},"103":{"start":{"line":224,"column":18},"end":{"line":224,"column":79}},"104":{"start":{"line":225,"column":4},"end":{"line":227,"column":5}},"105":{"start":{"line":226,"column":8},"end":{"line":226,"column":68}},"106":{"start":{"line":230,"column":4},"end":{"line":234,"column":5}},"107":{"start":{"line":231,"column":8},"end":{"line":231,"column":57}},"108":{"start":{"line":233,"column":8},"end":{"line":233,"column":64}},"109":{"start":{"line":235,"column":4},"end":{"line":237,"column":5}},"110":{"start":{"line":236,"column":8},"end":{"line":236,"column":64}},"111":{"start":{"line":239,"column":17},"end":{"line":239,"column":94}},"112":{"start":{"line":240,"column":4},"end":{"line":242,"column":5}},"113":{"start":{"line":241,"column":8},"end":{"line":241,"column":68}},"114":{"start":{"line":244,"column":4},"end":{"line":244,"column":30}},"115":{"start":{"line":250,"column":17},"end":{"line":250,"column":30}},"116":{"start":{"line":251,"column":21},"end":{"line":251,"column":48}},"117":{"start":{"line":252,"column":22},"end":{"line":252,"column":86}},"118":{"start":{"line":255,"column":4},"end":{"line":256,"column":30}},"119":{"start":{"line":258,"column":4},"end":{"line":259,"column":51}},"120":{"start":{"line":261,"column":4},"end":{"line":261,"column":45}},"121":{"start":{"line":265,"column":16},"end":{"line":267,"column":26}},"122":{"start":{"line":269,"column":4},"end":{"line":271,"column":5}},"123":{"start":{"line":270,"column":8},"end":{"line":270,"column":55}},"124":{"start":{"line":272,"column":4},"end":{"line":274,"column":5}},"125":{"start":{"line":273,"column":8},"end":{"line":273,"column":52}},"126":{"start":{"line":275,"column":4},"end":{"line":277,"column":5}},"127":{"start":{"line":276,"column":8},"end":{"line":276,"column":58}},"128":{"start":{"line":279,"column":20},"end":{"line":279,"column":61}},"129":{"start":{"line":280,"column":4},"end":{"line":283,"column":5}},"130":{"start":{"line":281,"column":8},"end":{"line":281,"column":103}},"131":{"start":{"line":282,"column":8},"end":{"line":282,"column":53}},"132":{"start":{"line":285,"column":4},"end":{"line":285,"column":97}},"133":{"start":{"line":286,"column":4},"end":{"line":286,"column":24}},"134":{"start":{"line":290,"column":24},"end":{"line":302,"column":5}},"135":{"start":{"line":304,"column":25},"end":{"line":304,"column":63}},"136":{"start":{"line":305,"column":29},"end":{"line":305,"column":52}},"137":{"start":{"line":306,"column":22},"end":{"line":306,"column":103}},"138":{"start":{"line":311,"column":4},"end":{"line":312,"column":51}},"139":{"start":{"line":314,"column":4},"end":{"line":314,"column":70}},"140":{"start":{"line":317,"column":0},"end":{"line":317,"column":24}}},"fnMap":{"0":{"name":"generateOtp","decl":{"start":{"line":20,"column":9},"end":{"line":20,"column":20}},"loc":{"start":{"line":20,"column":23},"end":{"line":23,"column":1}},"line":20},"1":{"name":"hashToken","decl":{"start":{"line":25,"column":9},"end":{"line":25,"column":18}},"loc":{"start":{"line":25,"column":24},"end":{"line":27,"column":1}},"line":25},"2":{"name":"isValidEmail","decl":{"start":{"line":29,"column":9},"end":{"line":29,"column":21}},"loc":{"start":{"line":29,"column":29},"end":{"line":31,"column":1}},"line":29},"3":{"name":"(anonymous_3)","decl":{"start":{"line":39,"column":23},"end":{"line":39,"column":24}},"loc":{"start":{"line":39,"column":43},"end":{"line":98,"column":1}},"line":39},"4":{"name":"(anonymous_4)","decl":{"start":{"line":104,"column":29},"end":{"line":104,"column":30}},"loc":{"start":{"line":104,"column":49},"end":{"line":120,"column":1}},"line":104},"5":{"name":"(anonymous_5)","decl":{"start":{"line":128,"column":27},"end":{"line":128,"column":28}},"loc":{"start":{"line":128,"column":47},"end":{"line":145,"column":1}},"line":128},"6":{"name":"(anonymous_6)","decl":{"start":{"line":151,"column":22},"end":{"line":151,"column":23}},"loc":{"start":{"line":151,"column":42},"end":{"line":187,"column":1}},"line":151},"7":{"name":"(anonymous_7)","decl":{"start":{"line":195,"column":24},"end":{"line":195,"column":25}},"loc":{"start":{"line":195,"column":44},"end":{"line":215,"column":1}},"line":195},"8":{"name":"(anonymous_8)","decl":{"start":{"line":222,"column":18},"end":{"line":222,"column":19}},"loc":{"start":{"line":222,"column":32},"end":{"line":245,"column":1}},"line":222},"9":{"name":"issueAndSendOtp","decl":{"start":{"line":249,"column":15},"end":{"line":249,"column":30}},"loc":{"start":{"line":249,"column":55},"end":{"line":262,"column":1}},"line":249},"10":{"name":"consumeOtp","decl":{"start":{"line":264,"column":15},"end":{"line":264,"column":25}},"loc":{"start":{"line":264,"column":49},"end":{"line":287,"column":1}},"line":264},"11":{"name":"issueSessionTokens","decl":{"start":{"line":289,"column":15},"end":{"line":289,"column":33}},"loc":{"start":{"line":289,"column":40},"end":{"line":315,"column":1}},"line":289}},"branchMap":{"0":{"loc":{"start":{"line":16,"column":0},"end":{"line":18,"column":1}},"type":"if","locations":[{"start":{"line":16,"column":0},"end":{"line":18,"column":1}},{"start":{},"end":{}}],"line":16},"1":{"loc":{"start":{"line":40,"column":32},"end":{"line":40,"column":46}},"type":"binary-expr","locations":[{"start":{"line":40,"column":32},"end":{"line":40,"column":40}},{"start":{"line":40,"column":44},"end":{"line":40,"column":46}}],"line":40},"2":{"loc":{"start":{"line":43,"column":4},"end":{"line":45,"column":5}},"type":"if","locations":[{"start":{"line":43,"column":4},"end":{"line":45,"column":5}},{"start":{},"end":{}}],"line":43},"3":{"loc":{"start":{"line":47,"column":4},"end":{"line":49,"column":5}},"type":"if","locations":[{"start":{"line":47,"column":4},"end":{"line":49,"column":5}},{"start":{},"end":{}}],"line":47},"4":{"loc":{"start":{"line":51,"column":4},"end":{"line":53,"column":5}},"type":"if","locations":[{"start":{"line":51,"column":4},"end":{"line":53,"column":5}},{"start":{},"end":{}}],"line":51},"5":{"loc":{"start":{"line":55,"column":4},"end":{"line":57,"column":5}},"type":"if","locations":[{"start":{"line":55,"column":4},"end":{"line":57,"column":5}},{"start":{},"end":{}}],"line":55},"6":{"loc":{"start":{"line":65,"column":4},"end":{"line":70,"column":5}},"type":"if","locations":[{"start":{"line":65,"column":4},"end":{"line":70,"column":5}},{"start":{},"end":{}}],"line":65},"7":{"loc":{"start":{"line":65,"column":8},"end":{"line":65,"column":53}},"type":"binary-expr","locations":[{"start":{"line":65,"column":8},"end":{"line":65,"column":21}},{"start":{"line":65,"column":25},"end":{"line":65,"column":38}},{"start":{"line":65,"column":42},"end":{"line":65,"column":53}}],"line":65},"8":{"loc":{"start":{"line":73,"column":4},"end":{"line":75,"column":5}},"type":"if","locations":[{"start":{"line":73,"column":4},"end":{"line":75,"column":5}},{"start":{},"end":{}}],"line":73},"9":{"loc":{"start":{"line":73,"column":8},"end":{"line":73,"column":43}},"type":"binary-expr","locations":[{"start":{"line":73,"column":8},"end":{"line":73,"column":16}},{"start":{"line":73,"column":20},"end":{"line":73,"column":43}}],"line":73},"10":{"loc":{"start":{"line":80,"column":4},"end":{"line":88,"column":5}},"type":"if","locations":[{"start":{"line":80,"column":4},"end":{"line":88,"column":5}},{"start":{"line":84,"column":11},"end":{"line":88,"column":5}}],"line":80},"11":{"loc":{"start":{"line":105,"column":29},"end":{"line":105,"column":43}},"type":"binary-expr","locations":[{"start":{"line":105,"column":29},"end":{"line":105,"column":37}},{"start":{"line":105,"column":41},"end":{"line":105,"column":43}}],"line":105},"12":{"loc":{"start":{"line":106,"column":4},"end":{"line":108,"column":5}},"type":"if","locations":[{"start":{"line":106,"column":4},"end":{"line":108,"column":5}},{"start":{},"end":{}}],"line":106},"13":{"loc":{"start":{"line":106,"column":8},"end":{"line":106,"column":24}},"type":"binary-expr","locations":[{"start":{"line":106,"column":8},"end":{"line":106,"column":15}},{"start":{"line":106,"column":19},"end":{"line":106,"column":24}}],"line":106},"14":{"loc":{"start":{"line":111,"column":4},"end":{"line":113,"column":5}},"type":"if","locations":[{"start":{"line":111,"column":4},"end":{"line":113,"column":5}},{"start":{},"end":{}}],"line":111},"15":{"loc":{"start":{"line":129,"column":23},"end":{"line":129,"column":37}},"type":"binary-expr","locations":[{"start":{"line":129,"column":23},"end":{"line":129,"column":31}},{"start":{"line":129,"column":35},"end":{"line":129,"column":37}}],"line":129},"16":{"loc":{"start":{"line":131,"column":4},"end":{"line":133,"column":5}},"type":"if","locations":[{"start":{"line":131,"column":4},"end":{"line":133,"column":5}},{"start":{},"end":{}}],"line":131},"17":{"loc":{"start":{"line":134,"column":4},"end":{"line":136,"column":5}},"type":"if","locations":[{"start":{"line":134,"column":4},"end":{"line":136,"column":5}},{"start":{},"end":{}}],"line":134},"18":{"loc":{"start":{"line":152,"column":32},"end":{"line":152,"column":46}},"type":"binary-expr","locations":[{"start":{"line":152,"column":32},"end":{"line":152,"column":40}},{"start":{"line":152,"column":44},"end":{"line":152,"column":46}}],"line":152},"19":{"loc":{"start":{"line":155,"column":4},"end":{"line":157,"column":5}},"type":"if","locations":[{"start":{"line":155,"column":4},"end":{"line":157,"column":5}},{"start":{},"end":{}}],"line":155},"20":{"loc":{"start":{"line":159,"column":4},"end":{"line":161,"column":5}},"type":"if","locations":[{"start":{"line":159,"column":4},"end":{"line":161,"column":5}},{"start":{},"end":{}}],"line":159},"21":{"loc":{"start":{"line":159,"column":8},"end":{"line":159,"column":49}},"type":"binary-expr","locations":[{"start":{"line":159,"column":8},"end":{"line":159,"column":17}},{"start":{"line":159,"column":21},"end":{"line":159,"column":49}}],"line":159},"22":{"loc":{"start":{"line":163,"column":4},"end":{"line":165,"column":5}},"type":"if","locations":[{"start":{"line":163,"column":4},"end":{"line":165,"column":5}},{"start":{},"end":{}}],"line":163},"23":{"loc":{"start":{"line":170,"column":24},"end":{"line":170,"column":124}},"type":"cond-expr","locations":[{"start":{"line":170,"column":31},"end":{"line":170,"column":49}},{"start":{"line":170,"column":52},"end":{"line":170,"column":124}}],"line":170},"24":{"loc":{"start":{"line":173,"column":4},"end":{"line":177,"column":5}},"type":"if","locations":[{"start":{"line":173,"column":4},"end":{"line":177,"column":5}},{"start":{},"end":{}}],"line":173},"25":{"loc":{"start":{"line":173,"column":8},"end":{"line":173,"column":28}},"type":"binary-expr","locations":[{"start":{"line":173,"column":8},"end":{"line":173,"column":13}},{"start":{"line":173,"column":17},"end":{"line":173,"column":28}}],"line":173},"26":{"loc":{"start":{"line":178,"column":4},"end":{"line":180,"column":5}},"type":"if","locations":[{"start":{"line":178,"column":4},"end":{"line":180,"column":5}},{"start":{},"end":{}}],"line":178},"27":{"loc":{"start":{"line":196,"column":29},"end":{"line":196,"column":43}},"type":"binary-expr","locations":[{"start":{"line":196,"column":29},"end":{"line":196,"column":37}},{"start":{"line":196,"column":41},"end":{"line":196,"column":43}}],"line":196},"28":{"loc":{"start":{"line":197,"column":4},"end":{"line":199,"column":5}},"type":"if","locations":[{"start":{"line":197,"column":4},"end":{"line":199,"column":5}},{"start":{},"end":{}}],"line":197},"29":{"loc":{"start":{"line":206,"column":4},"end":{"line":208,"column":5}},"type":"if","locations":[{"start":{"line":206,"column":4},"end":{"line":208,"column":5}},{"start":{},"end":{}}],"line":206},"30":{"loc":{"start":{"line":206,"column":8},"end":{"line":206,"column":71}},"type":"binary-expr","locations":[{"start":{"line":206,"column":8},"end":{"line":206,"column":16}},{"start":{"line":206,"column":20},"end":{"line":206,"column":71}}],"line":206},"31":{"loc":{"start":{"line":223,"column":23},"end":{"line":223,"column":54}},"type":"binary-expr","locations":[{"start":{"line":223,"column":23},"end":{"line":223,"column":48}},{"start":{"line":223,"column":52},"end":{"line":223,"column":54}}],"line":223},"32":{"loc":{"start":{"line":224,"column":18},"end":{"line":224,"column":79}},"type":"cond-expr","locations":[{"start":{"line":224,"column":53},"end":{"line":224,"column":72}},{"start":{"line":224,"column":75},"end":{"line":224,"column":79}}],"line":224},"33":{"loc":{"start":{"line":225,"column":4},"end":{"line":227,"column":5}},"type":"if","locations":[{"start":{"line":225,"column":4},"end":{"line":227,"column":5}},{"start":{},"end":{}}],"line":225},"34":{"loc":{"start":{"line":235,"column":4},"end":{"line":237,"column":5}},"type":"if","locations":[{"start":{"line":235,"column":4},"end":{"line":237,"column":5}},{"start":{},"end":{}}],"line":235},"35":{"loc":{"start":{"line":240,"column":4},"end":{"line":242,"column":5}},"type":"if","locations":[{"start":{"line":240,"column":4},"end":{"line":242,"column":5}},{"start":{},"end":{}}],"line":240},"36":{"loc":{"start":{"line":269,"column":4},"end":{"line":271,"column":5}},"type":"if","locations":[{"start":{"line":269,"column":4},"end":{"line":271,"column":5}},{"start":{},"end":{}}],"line":269},"37":{"loc":{"start":{"line":272,"column":4},"end":{"line":274,"column":5}},"type":"if","locations":[{"start":{"line":272,"column":4},"end":{"line":274,"column":5}},{"start":{},"end":{}}],"line":272},"38":{"loc":{"start":{"line":275,"column":4},"end":{"line":277,"column":5}},"type":"if","locations":[{"start":{"line":275,"column":4},"end":{"line":277,"column":5}},{"start":{},"end":{}}],"line":275},"39":{"loc":{"start":{"line":280,"column":4},"end":{"line":283,"column":5}},"type":"if","locations":[{"start":{"line":280,"column":4},"end":{"line":283,"column":5}},{"start":{},"end":{}}],"line":280}},"s":{"0":0,"1":0,"2":0,"3":0,"4":0,"5":0,"6":0,"7":0,"8":0,"9":0,"10":0,"11":0,"12":0,"13":0,"14":0,"15":0,"16":0,"17":0,"18":0,"19":0,"20":0,"21":0,"22":0,"23":0,"24":0,"25":0,"26":0,"27":0,"28":0,"29":0,"30":0,"31":0,"32":0,"33":0,"34":0,"35":0,"36":0,"37":0,"38":0,"39":0,"40":0,"41":0,"42":0,"43":0,"44":0,"45":0,"46":0,"47":0,"48":0,"49":0,"50":0,"51":0,"52":0,"53":0,"54":0,"55":0,"56":0,"57":0,"58":0,"59":0,"60":0,"61":0,"62":0,"63":0,"64":0,"65":0,"66":0,"67":0,"68":0,"69":0,"70":0,"71":0,"72":0,"73":0,"74":0,"75":0,"76":0,"77":0,"78":0,"79":0,"80":0,"81":0,"82":0,"83":0,"84":0,"85":0,"86":0,"87":0,"88":0,"89":0,"90":0,"91":0,"92":0,"93":0,"94":0,"95":0,"96":0,"97":0,"98":0,"99":0,"100":0,"101":0,"102":0,"103":0,"104":0,"105":0,"106":0,"107":0,"108":0,"109":0,"110":0,"111":0,"112":0,"113":0,"114":0,"115":0,"116":0,"117":0,"118":0,"119":0,"120":0,"121":0,"122":0,"123":0,"124":0,"125":0,"126":0,"127":0,"128":0,"129":0,"130":0,"131":0,"132":0,"133":0,"134":0,"135":0,"136":0,"137":0,"138":0,"139":0,"140":0},"f":{"0":0,"1":0,"2":0,"3":0,"4":0,"5":0,"6":0,"7":0,"8":0,"9":0,"10":0,"11":0},"b":{"0":[0,0],"1":[0,0],"2":[0,0],"3":[0,0],"4":[0,0],"5":[0,0],"6":[0,0],"7":[0,0,0],"8":[0,0],"9":[0,0],"10":[0,0],"11":[0,0],"12":[0,0],"13":[0,0],"14":[0,0],"15":[0,0],"16":[0,0],"17":[0,0],"18":[0,0],"19":[0,0],"20":[0,0],"21":[0,0],"22":[0,0],"23":[0,0],"24":[0,0],"25":[0,0],"26":[0,0],"27":[0,0],"28":[0,0],"29":[0,0],"30":[0,0],"31":[0,0],"32":[0,0],"33":[0,0],"34":[0,0],"35":[0,0],"36":[0,0],"37":[0,0],"38":[0,0],"39":[0,0]}}
,"D:\\project\\vscode-egypt-buildpack-session4\\vscode-egypt\\vse-backend\\routes\\billing.js": {"path":"D:\\project\\vscode-egypt-buildpack-session4\\vscode-egypt\\vse-backend\\routes\\billing.js","statementMap":{"0":{"start":{"line":1,"column":16},"end":{"line":1,"column":34}},"1":{"start":{"line":2,"column":11},"end":{"line":2,"column":27}},"2":{"start":{"line":3,"column":24},"end":{"line":3,"column":59}},"3":{"start":{"line":4,"column":29},"end":{"line":4,"column":56}},"4":{"start":{"line":6,"column":15},"end":{"line":6,"column":31}},"5":{"start":{"line":9,"column":14},"end":{"line":9,"column":24}},"6":{"start":{"line":10,"column":4},"end":{"line":10,"column":83}},"7":{"start":{"line":18,"column":0},"end":{"line":63,"column":3}},"8":{"start":{"line":19,"column":19},"end":{"line":19,"column":34}},"9":{"start":{"line":21,"column":17},"end":{"line":21,"column":106}},"10":{"start":{"line":22,"column":4},"end":{"line":24,"column":5}},"11":{"start":{"line":23,"column":8},"end":{"line":23,"column":60}},"12":{"start":{"line":26,"column":22},"end":{"line":28,"column":90}},"13":{"start":{"line":30,"column":20},"end":{"line":32,"column":26}},"14":{"start":{"line":34,"column":26},"end":{"line":36,"column":18}},"15":{"start":{"line":38,"column":23},"end":{"line":38,"column":76}},"16":{"start":{"line":39,"column":24},"end":{"line":39,"column":51}},"17":{"start":{"line":41,"column":4},"end":{"line":62,"column":7}},"18":{"start":{"line":52,"column":39},"end":{"line":57,"column":13}},"19":{"start":{"line":65,"column":0},"end":{"line":65,"column":24}}},"fnMap":{"0":{"name":"currentPeriod","decl":{"start":{"line":8,"column":9},"end":{"line":8,"column":22}},"loc":{"start":{"line":8,"column":25},"end":{"line":11,"column":1}},"line":8},"1":{"name":"(anonymous_1)","decl":{"start":{"line":18,"column":23},"end":{"line":18,"column":24}},"loc":{"start":{"line":18,"column":37},"end":{"line":63,"column":1}},"line":18},"2":{"name":"(anonymous_2)","decl":{"start":{"line":52,"column":33},"end":{"line":52,"column":34}},"loc":{"start":{"line":52,"column":39},"end":{"line":57,"column":13}},"line":52}},"branchMap":{"0":{"loc":{"start":{"line":22,"column":4},"end":{"line":24,"column":5}},"type":"if","locations":[{"start":{"line":22,"column":4},"end":{"line":24,"column":5}},{"start":{},"end":{}}],"line":22},"1":{"loc":{"start":{"line":26,"column":22},"end":{"line":28,"column":90}},"type":"binary-expr","locations":[{"start":{"line":26,"column":22},"end":{"line":28,"column":26}},{"start":{"line":28,"column":30},"end":{"line":28,"column":90}}],"line":26},"2":{"loc":{"start":{"line":39,"column":24},"end":{"line":39,"column":51}},"type":"binary-expr","locations":[{"start":{"line":39,"column":24},"end":{"line":39,"column":46}},{"start":{"line":39,"column":50},"end":{"line":39,"column":51}}],"line":39},"3":{"loc":{"start":{"line":51,"column":25},"end":{"line":51,"column":131}},"type":"cond-expr","locations":[{"start":{"line":51,"column":43},"end":{"line":51,"column":102}},{"start":{"line":51,"column":106},"end":{"line":51,"column":130}}],"line":51},"4":{"loc":{"start":{"line":51,"column":106},"end":{"line":51,"column":130}},"type":"cond-expr","locations":[{"start":{"line":51,"column":123},"end":{"line":51,"column":126}},{"start":{"line":51,"column":129},"end":{"line":51,"column":130}}],"line":51},"5":{"loc":{"start":{"line":54,"column":23},"end":{"line":54,"column":80}},"type":"binary-expr","locations":[{"start":{"line":54,"column":23},"end":{"line":54,"column":63}},{"start":{"line":54,"column":67},"end":{"line":54,"column":80}}],"line":54},"6":{"loc":{"start":{"line":59,"column":22},"end":{"line":61,"column":18}},"type":"cond-expr","locations":[{"start":{"line":60,"column":14},"end":{"line":60,"column":92}},{"start":{"line":61,"column":14},"end":{"line":61,"column":18}}],"line":59}},"s":{"0":1,"1":1,"2":1,"3":1,"4":1,"5":3,"6":3,"7":1,"8":3,"9":3,"10":3,"11":0,"12":3,"13":3,"14":3,"15":3,"16":3,"17":3,"18":1,"19":1},"f":{"0":3,"1":3,"2":1},"b":{"0":[0,3],"1":[3,0],"2":[3,0],"3":[2,1],"4":[0,1],"5":[1,0],"6":[0,3]},"_coverageSchema":"1a1c01bbd47fc00a2c39e90264f33305004495a9","hash":"cf0f92d05f34bd03376fb657a190d306b319377d"}
,"D:\\project\\vscode-egypt-buildpack-session4\\vscode-egypt\\vse-backend\\routes\\chat.js": {"path":"D:\\project\\vscode-egypt-buildpack-session4\\vscode-egypt\\vse-backend\\routes\\chat.js","statementMap":{"0":{"start":{"line":1,"column":16},"end":{"line":1,"column":34}},"1":{"start":{"line":2,"column":19},"end":{"line":2,"column":43}},"2":{"start":{"line":3,"column":44},"end":{"line":3,"column":79}},"3":{"start":{"line":4,"column":45},"end":{"line":4,"column":72}},"4":{"start":{"line":6,"column":15},"end":{"line":6,"column":31}},"5":{"start":{"line":14,"column":29},"end":{"line":14,"column":48}},"6":{"start":{"line":16,"column":32},"end":{"line":16,"column":545}},"7":{"start":{"line":24,"column":0},"end":{"line":26,"column":3}},"8":{"start":{"line":25,"column":4},"end":{"line":25,"column":45}},"9":{"start":{"line":43,"column":0},"end":{"line":173,"column":3}},"10":{"start":{"line":44,"column":82},"end":{"line":44,"column":96}},"11":{"start":{"line":46,"column":4},"end":{"line":48,"column":5}},"12":{"start":{"line":47,"column":8},"end":{"line":47,"column":108}},"13":{"start":{"line":50,"column":24},"end":{"line":50,"column":50}},"14":{"start":{"line":51,"column":4},"end":{"line":53,"column":5}},"15":{"start":{"line":52,"column":8},"end":{"line":52,"column":107}},"16":{"start":{"line":54,"column":4},"end":{"line":57,"column":5}},"17":{"start":{"line":56,"column":8},"end":{"line":56,"column":150}},"18":{"start":{"line":63,"column":28},"end":{"line":63,"column":126}},"19":{"start":{"line":63,"column":47},"end":{"line":63,"column":125}},"20":{"start":{"line":63,"column":98},"end":{"line":63,"column":124}},"21":{"start":{"line":64,"column":4},"end":{"line":69,"column":5}},"22":{"start":{"line":65,"column":8},"end":{"line":68,"column":11}},"23":{"start":{"line":74,"column":24},"end":{"line":74,"column":26}},"24":{"start":{"line":75,"column":4},"end":{"line":77,"column":5}},"25":{"start":{"line":76,"column":8},"end":{"line":76,"column":180}},"26":{"start":{"line":78,"column":4},"end":{"line":80,"column":5}},"27":{"start":{"line":79,"column":8},"end":{"line":79,"column":50}},"28":{"start":{"line":81,"column":26},"end":{"line":81,"column":87}},"29":{"start":{"line":83,"column":29},"end":{"line":85,"column":18}},"30":{"start":{"line":87,"column":32},"end":{"line":87,"column":94}},"31":{"start":{"line":87,"column":65},"end":{"line":87,"column":74}},"32":{"start":{"line":89,"column":4},"end":{"line":89,"column":55}},"33":{"start":{"line":90,"column":4},"end":{"line":90,"column":47}},"34":{"start":{"line":91,"column":4},"end":{"line":91,"column":46}},"35":{"start":{"line":92,"column":4},"end":{"line":92,"column":23}},"36":{"start":{"line":94,"column":25},"end":{"line":94,"column":27}},"37":{"start":{"line":99,"column":4},"end":{"line":101,"column":7}},"38":{"start":{"line":100,"column":8},"end":{"line":100,"column":59}},"39":{"start":{"line":100,"column":32},"end":{"line":100,"column":59}},"40":{"start":{"line":103,"column":4},"end":{"line":172,"column":5}},"41":{"start":{"line":104,"column":8},"end":{"line":104,"column":51}},"42":{"start":{"line":106,"column":25},"end":{"line":118,"column":10}},"43":{"start":{"line":120,"column":8},"end":{"line":127,"column":9}},"44":{"start":{"line":124,"column":12},"end":{"line":124,"column":160}},"45":{"start":{"line":124,"column":155},"end":{"line":124,"column":157}},"46":{"start":{"line":125,"column":12},"end":{"line":125,"column":144}},"47":{"start":{"line":126,"column":12},"end":{"line":126,"column":29}},"48":{"start":{"line":129,"column":23},"end":{"line":129,"column":48}},"49":{"start":{"line":130,"column":24},"end":{"line":130,"column":41}},"50":{"start":{"line":132,"column":8},"end":{"line":156,"column":9}},"51":{"start":{"line":133,"column":36},"end":{"line":133,"column":55}},"52":{"start":{"line":134,"column":12},"end":{"line":134,"column":28}},"53":{"start":{"line":134,"column":22},"end":{"line":134,"column":28}},"54":{"start":{"line":136,"column":26},"end":{"line":136,"column":65}},"55":{"start":{"line":141,"column":12},"end":{"line":153,"column":13}},"56":{"start":{"line":142,"column":16},"end":{"line":142,"column":57}},"57":{"start":{"line":142,"column":48},"end":{"line":142,"column":57}},"58":{"start":{"line":143,"column":32},"end":{"line":143,"column":52}},"59":{"start":{"line":144,"column":16},"end":{"line":144,"column":51}},"60":{"start":{"line":144,"column":42},"end":{"line":144,"column":51}},"61":{"start":{"line":145,"column":16},"end":{"line":152,"column":17}},"62":{"start":{"line":146,"column":35},"end":{"line":146,"column":54}},"63":{"start":{"line":147,"column":34},"end":{"line":147,"column":70}},"64":{"start":{"line":148,"column":20},"end":{"line":148,"column":55}},"65":{"start":{"line":148,"column":31},"end":{"line":148,"column":55}},"66":{"start":{"line":155,"column":12},"end":{"line":155,"column":29}},"67":{"start":{"line":158,"column":8},"end":{"line":158,"column":38}},"68":{"start":{"line":159,"column":8},"end":{"line":159,"column":18}},"69":{"start":{"line":161,"column":40},"end":{"line":161,"column":69}},"70":{"start":{"line":162,"column":8},"end":{"line":162,"column":144}},"71":{"start":{"line":165,"column":8},"end":{"line":171,"column":9}},"72":{"start":{"line":166,"column":12},"end":{"line":166,"column":92}},"73":{"start":{"line":167,"column":12},"end":{"line":170,"column":60}},"74":{"start":{"line":168,"column":16},"end":{"line":168,"column":148}},"75":{"start":{"line":169,"column":16},"end":{"line":169,"column":26}},"76":{"start":{"line":175,"column":0},"end":{"line":175,"column":24}}},"fnMap":{"0":{"name":"(anonymous_0)","decl":{"start":{"line":24,"column":22},"end":{"line":24,"column":23}},"loc":{"start":{"line":24,"column":37},"end":{"line":26,"column":1}},"line":24},"1":{"name":"(anonymous_1)","decl":{"start":{"line":43,"column":41},"end":{"line":43,"column":42}},"loc":{"start":{"line":43,"column":61},"end":{"line":173,"column":1}},"line":43},"2":{"name":"(anonymous_2)","decl":{"start":{"line":63,"column":42},"end":{"line":63,"column":43}},"loc":{"start":{"line":63,"column":47},"end":{"line":63,"column":125}},"line":63},"3":{"name":"(anonymous_3)","decl":{"start":{"line":63,"column":90},"end":{"line":63,"column":91}},"loc":{"start":{"line":63,"column":98},"end":{"line":63,"column":124}},"line":63},"4":{"name":"(anonymous_4)","decl":{"start":{"line":87,"column":60},"end":{"line":87,"column":61}},"loc":{"start":{"line":87,"column":65},"end":{"line":87,"column":74}},"line":87},"5":{"name":"(anonymous_5)","decl":{"start":{"line":99,"column":20},"end":{"line":99,"column":21}},"loc":{"start":{"line":99,"column":26},"end":{"line":101,"column":5}},"line":99},"6":{"name":"(anonymous_6)","decl":{"start":{"line":124,"column":149},"end":{"line":124,"column":150}},"loc":{"start":{"line":124,"column":155},"end":{"line":124,"column":157}},"line":124}},"branchMap":{"0":{"loc":{"start":{"line":44,"column":29},"end":{"line":44,"column":50}},"type":"default-arg","locations":[{"start":{"line":44,"column":42},"end":{"line":44,"column":50}}],"line":44},"1":{"loc":{"start":{"line":44,"column":82},"end":{"line":44,"column":96}},"type":"binary-expr","locations":[{"start":{"line":44,"column":82},"end":{"line":44,"column":90}},{"start":{"line":44,"column":94},"end":{"line":44,"column":96}}],"line":44},"2":{"loc":{"start":{"line":46,"column":4},"end":{"line":48,"column":5}},"type":"if","locations":[{"start":{"line":46,"column":4},"end":{"line":48,"column":5}},{"start":{},"end":{}}],"line":46},"3":{"loc":{"start":{"line":46,"column":8},"end":{"line":46,"column":57}},"type":"binary-expr","locations":[{"start":{"line":46,"column":8},"end":{"line":46,"column":32}},{"start":{"line":46,"column":36},"end":{"line":46,"column":57}}],"line":46},"4":{"loc":{"start":{"line":51,"column":4},"end":{"line":53,"column":5}},"type":"if","locations":[{"start":{"line":51,"column":4},"end":{"line":53,"column":5}},{"start":{},"end":{}}],"line":51},"5":{"loc":{"start":{"line":54,"column":4},"end":{"line":57,"column":5}},"type":"if","locations":[{"start":{"line":54,"column":4},"end":{"line":57,"column":5}},{"start":{},"end":{}}],"line":54},"6":{"loc":{"start":{"line":63,"column":47},"end":{"line":63,"column":125}},"type":"binary-expr","locations":[{"start":{"line":63,"column":47},"end":{"line":63,"column":71}},{"start":{"line":63,"column":75},"end":{"line":63,"column":125}}],"line":63},"7":{"loc":{"start":{"line":64,"column":4},"end":{"line":69,"column":5}},"type":"if","locations":[{"start":{"line":64,"column":4},"end":{"line":69,"column":5}},{"start":{},"end":{}}],"line":64},"8":{"loc":{"start":{"line":64,"column":8},"end":{"line":64,"column":53}},"type":"binary-expr","locations":[{"start":{"line":64,"column":8},"end":{"line":64,"column":23}},{"start":{"line":64,"column":27},"end":{"line":64,"column":53}}],"line":64},"9":{"loc":{"start":{"line":67,"column":55},"end":{"line":67,"column":104}},"type":"binary-expr","locations":[{"start":{"line":67,"column":55},"end":{"line":67,"column":89}},{"start":{"line":67,"column":93},"end":{"line":67,"column":104}}],"line":67},"10":{"loc":{"start":{"line":75,"column":4},"end":{"line":77,"column":5}},"type":"if","locations":[{"start":{"line":75,"column":4},"end":{"line":77,"column":5}},{"start":{},"end":{}}],"line":75},"11":{"loc":{"start":{"line":76,"column":41},"end":{"line":76,"column":70}},"type":"binary-expr","locations":[{"start":{"line":76,"column":41},"end":{"line":76,"column":57}},{"start":{"line":76,"column":61},"end":{"line":76,"column":70}}],"line":76},"12":{"loc":{"start":{"line":76,"column":75},"end":{"line":76,"column":106}},"type":"binary-expr","locations":[{"start":{"line":76,"column":75},"end":{"line":76,"column":91}},{"start":{"line":76,"column":95},"end":{"line":76,"column":106}}],"line":76},"13":{"loc":{"start":{"line":76,"column":111},"end":{"line":76,"column":176}},"type":"cond-expr","locations":[{"start":{"line":76,"column":131},"end":{"line":76,"column":171}},{"start":{"line":76,"column":174},"end":{"line":76,"column":176}}],"line":76},"14":{"loc":{"start":{"line":78,"column":4},"end":{"line":80,"column":5}},"type":"if","locations":[{"start":{"line":78,"column":4},"end":{"line":80,"column":5}},{"start":{},"end":{}}],"line":78},"15":{"loc":{"start":{"line":81,"column":26},"end":{"line":81,"column":87}},"type":"cond-expr","locations":[{"start":{"line":81,"column":51},"end":{"line":81,"column":75}},{"start":{"line":81,"column":78},"end":{"line":81,"column":87}}],"line":81},"16":{"loc":{"start":{"line":83,"column":29},"end":{"line":85,"column":18}},"type":"cond-expr","locations":[{"start":{"line":84,"column":10},"end":{"line":84,"column":67}},{"start":{"line":85,"column":10},"end":{"line":85,"column":18}}],"line":83},"17":{"loc":{"start":{"line":100,"column":8},"end":{"line":100,"column":59}},"type":"if","locations":[{"start":{"line":100,"column":8},"end":{"line":100,"column":59}},{"start":{},"end":{}}],"line":100},"18":{"loc":{"start":{"line":120,"column":8},"end":{"line":127,"column":9}},"type":"if","locations":[{"start":{"line":120,"column":8},"end":{"line":127,"column":9}},{"start":{},"end":{}}],"line":120},"19":{"loc":{"start":{"line":120,"column":12},"end":{"line":120,"column":42}},"type":"binary-expr","locations":[{"start":{"line":120,"column":12},"end":{"line":120,"column":24}},{"start":{"line":120,"column":28},"end":{"line":120,"column":42}}],"line":120},"20":{"loc":{"start":{"line":134,"column":12},"end":{"line":134,"column":28}},"type":"if","locations":[{"start":{"line":134,"column":12},"end":{"line":134,"column":28}},{"start":{},"end":{}}],"line":134},"21":{"loc":{"start":{"line":142,"column":16},"end":{"line":142,"column":57}},"type":"if","locations":[{"start":{"line":142,"column":16},"end":{"line":142,"column":57}},{"start":{},"end":{}}],"line":142},"22":{"loc":{"start":{"line":144,"column":16},"end":{"line":144,"column":51}},"type":"if","locations":[{"start":{"line":144,"column":16},"end":{"line":144,"column":51}},{"start":{},"end":{}}],"line":144},"23":{"loc":{"start":{"line":148,"column":20},"end":{"line":148,"column":55}},"type":"if","locations":[{"start":{"line":148,"column":20},"end":{"line":148,"column":55}},{"start":{},"end":{}}],"line":148},"24":{"loc":{"start":{"line":165,"column":8},"end":{"line":171,"column":9}},"type":"if","locations":[{"start":{"line":165,"column":8},"end":{"line":171,"column":9}},{"start":{},"end":{}}],"line":165}},"s":{"0":0,"1":0,"2":0,"3":0,"4":0,"5":0,"6":0,"7":0,"8":0,"9":0,"10":0,"11":0,"12":0,"13":0,"14":0,"15":0,"16":0,"17":0,"18":0,"19":0,"20":0,"21":0,"22":0,"23":0,"24":0,"25":0,"26":0,"27":0,"28":0,"29":0,"30":0,"31":0,"32":0,"33":0,"34":0,"35":0,"36":0,"37":0,"38":0,"39":0,"40":0,"41":0,"42":0,"43":0,"44":0,"45":0,"46":0,"47":0,"48":0,"49":0,"50":0,"51":0,"52":0,"53":0,"54":0,"55":0,"56":0,"57":0,"58":0,"59":0,"60":0,"61":0,"62":0,"63":0,"64":0,"65":0,"66":0,"67":0,"68":0,"69":0,"70":0,"71":0,"72":0,"73":0,"74":0,"75":0,"76":0},"f":{"0":0,"1":0,"2":0,"3":0,"4":0,"5":0,"6":0},"b":{"0":[0],"1":[0,0],"2":[0,0],"3":[0,0],"4":[0,0],"5":[0,0],"6":[0,0],"7":[0,0],"8":[0,0],"9":[0,0],"10":[0,0],"11":[0,0],"12":[0,0],"13":[0,0],"14":[0,0],"15":[0,0],"16":[0,0],"17":[0,0],"18":[0,0],"19":[0,0],"20":[0,0],"21":[0,0],"22":[0,0],"23":[0,0],"24":[0,0]}}
[...]
":10},"end":{"line":178,"column":11}},"loc":{"start":{"line":178,"column":15},"end":{"line":178,"column":31}},"line":178},"15":{"name":"(anonymous_15)","decl":{"start":{"line":179,"column":8},"end":{"line":179,"column":9}},"loc":{"start":{"line":179,"column":18},"end":{"line":179,"column":45}},"line":179},"16":{"name":"(anonymous_16)","decl":{"start":{"line":181,"column":7},"end":{"line":181,"column":8}},"loc":{"start":{"line":181,"column":13},"end":{"line":187,"column":3}},"line":181},"17":{"name":"getWorkspaceStatus","decl":{"start":{"line":190,"column":9},"end":{"line":190,"column":27}},"loc":{"start":{"line":190,"column":50},"end":{"line":193,"column":1}},"line":190}},"branchMap":{"0":{"loc":{"start":{"line":46,"column":15},"end":{"line":46,"column":48}},"type":"binary-expr","locations":[{"start":{"line":46,"column":15},"end":{"line":46,"column":27}},{"start":{"line":46,"column":31},"end":{"line":46,"column":48}}],"line":46},"1":{"loc":{"start":{"line":53,"column":14},"end":{"line":53,"column":27}},"type":"binary-expr","locations":[{"start":{"line":53,"column":14},"end":{"line":53,"column":22}},{"start":{"line":53,"column":26},"end":{"line":53,"column":27}}],"line":53},"2":{"loc":{"start":{"line":75,"column":2},"end":{"line":75,"column":34}},"type":"if","locations":[{"start":{"line":75,"column":2},"end":{"line":75,"column":34}},{"start":{},"end":{}}],"line":75},"3":{"loc":{"start":{"line":106,"column":3},"end":{"line":106,"column":45}},"type":"if","locations":[{"start":{"line":106,"column":3},"end":{"line":106,"column":45}},{"start":{},"end":{}}],"line":106},"4":{"loc":{"start":{"line":107,"column":3},"end":{"line":107,"column":96}},"type":"if","locations":[{"start":{"line":107,"column":3},"end":{"line":107,"column":96}},{"start":{},"end":{}}],"line":107},"5":{"loc":{"start":{"line":107,"column":7},"end":{"line":107,"column":85}},"type":"binary-expr","locations":[{"start":{"line":107,"column":7},"end":{"line":107,"column":20}},{"start":{"line":107,"column":24},"end":{"line":107,"column":85}}],"line":107},"6":{"loc":{"start":{"line":112,"column":4},"end":{"line":112,"column":48}},"type":"if","locations":[{"start":{"line":112,"column":4},"end":{"line":112,"column":48}},{"start":{},"end":{}}],"line":112},"7":{"loc":{"start":{"line":132,"column":54},"end":{"line":132,"column":62}},"type":"default-arg","locations":[{"start":{"line":132,"column":61},"end":{"line":132,"column":62}}],"line":132},"8":{"loc":{"start":{"line":134,"column":1},"end":{"line":136,"column":2}},"type":"if","locations":[{"start":{"line":134,"column":1},"end":{"line":136,"column":2}},{"start":{},"end":{}}],"line":134},"9":{"loc":{"start":{"line":139,"column":1},"end":{"line":141,"column":2}},"type":"if","locations":[{"start":{"line":139,"column":1},"end":{"line":141,"column":2}},{"start":{},"end":{}}],"line":139},"10":{"loc":{"start":{"line":148,"column":20},"end":{"line":148,"column":38}},"type":"binary-expr","locations":[{"start":{"line":148,"column":20},"end":{"line":148,"column":33}},{"start":{"line":148,"column":37},"end":{"line":148,"column":38}}],"line":148},"11":{"loc":{"start":{"line":153,"column":44},"end":{"line":153,"column":62}},"type":"binary-expr","locations":[{"start":{"line":153,"column":44},"end":{"line":153,"column":57}},{"start":{"line":153,"column":61},"end":{"line":153,"column":62}}],"line":153},"12":{"loc":{"start":{"line":160,"column":19},"end":{"line":160,"column":89}},"type":"binary-expr","locations":[{"start":{"line":160,"column":19},"end":{"line":160,"column":84}},{"start":{"line":160,"column":88},"end":{"line":160,"column":89}}],"line":160},"13":{"loc":{"start":{"line":168,"column":3},"end":{"line":170,"column":4}},"type":"if","locations":[{"start":{"line":168,"column":3},"end":{"line":170,"column":4}},{"start":{},"end":{}}],"line":168},"14":{"loc":{"start":{"line":172,"column":20},"end":{"line":172,"column":47}},"type":"binary-expr","locations":[{"start":{"line":172,"column":20},"end":{"line":172,"column":42}},{"start":{"line":172,"column":46},"end":{"line":172,"column":47}}],"line":172},"15":{"loc":{"start":{"line":192,"column":8},"end":{"line":192,"column":18}},"type":"binary-expr","locations":[{"start":{"line":192,"column":8},"end":{"line":192,"column":10}},{"start":{"line":192,"column":14},"end":{"line":192,"column":18}}],"line":192}},"s":{"0":0,"1":0,"2":0,"3":0,"4":0,"5":0,"6":0,"7":0,"8":0,"9":0,"10":0,"11":0,"12":0,"13":0,"14":0,"15":0,"16":0,"17":0,"18":0,"19":0,"20":0,"21":0,"22":0,"23":0,"24":0,"25":0,"26":0,"27":0,"28":0,"29":0,"30":0,"31":0,"32":0,"33":0,"34":0,"35":0,"36":0,"37":0,"38":0,"39":0,"40":0,"41":0,"42":0,"43":0,"44":0,"45":0,"46":0,"47":0,"48":0,"49":0,"50":0,"51":0,"52":0,"53":0,"54":0,"55":0,"56":0,"57":0,"58":0,"59":0,"60":0,"61":0,"62":0,"63":0,"64":0,"65":0,"66":0,"67":0,"68":0,"69":0,"70":0,"71":0,"72":0,"73":0,"74":0,"75":0,"76":0,"77":0,"78":0,"79":0,"80":0,"81":0,"82":0,"83":0,"84":0,"85":0,"86":0,"87":0},"f":{"0":0,"1":0,"2":0,"3":0,"4":0,"5":0,"6":0,"7":0,"8":0,"9":0,"10":0,"11":0,"12":0,"13":0,"14":0,"15":0,"16":0,"17":0},"b":{"0":[0,0],"1":[0,0],"2":[0,0],"3":[0,0],"4":[0,0],"5":[0,0],"6":[0,0],"7":[0],"8":[0,0],"9":[0,0],"10":[0,0],"11":[0,0],"12":[0,0],"13":[0,0],"14":[0,0],"15":[0,0]}}
,"D:\\project\\vscode-egypt-buildpack-session4\\vscode-egypt\\vse-backend\\services\\push.js": {"path":"D:\\project\\vscode-egypt-buildpack-session4\\vscode-egypt\\vse-backend\\services\\push.js","statementMap":{"0":{"start":{"line":1,"column":16},"end":{"line":1,"column":35}},"1":{"start":{"line":2,"column":11},"end":{"line":2,"column":27}},"2":{"start":{"line":4,"column":25},"end":{"line":4,"column":53}},"3":{"start":{"line":5,"column":26},"end":{"line":5,"column":55}},"4":{"start":{"line":6,"column":22},"end":{"line":6,"column":77}},"5":{"start":{"line":13,"column":17},"end":{"line":13,"column":22}},"6":{"start":{"line":14,"column":0},"end":{"line":20,"column":1}},"7":{"start":{"line":15,"column":4},"end":{"line":15,"column":80}},"8":{"start":{"line":16,"column":4},"end":{"line":16,"column":22}},"9":{"start":{"line":18,"column":4},"end":{"line":19,"column":89}},"10":{"start":{"line":23,"column":4},"end":{"line":25,"column":5}},"11":{"start":{"line":24,"column":8},"end":{"line":24,"column":48}},"12":{"start":{"line":26,"column":4},"end":{"line":30,"column":84}},"13":{"start":{"line":41,"column":4},"end":{"line":41,"column":28}},"14":{"start":{"line":41,"column":21},"end":{"line":41,"column":28}},"15":{"start":{"line":43,"column":17},"end":{"line":43,"column":75}},"16":{"start":{"line":44,"column":4},"end":{"line":44,"column":34}},"17":{"start":{"line":44,"column":27},"end":{"line":44,"column":34}},"18":{"start":{"line":46,"column":17},"end":{"line":46,"column":40}},"19":{"start":{"line":48,"column":4},"end":{"line":62,"column":8}},"20":{"start":{"line":49,"column":8},"end":{"line":61,"column":9}},"21":{"start":{"line":50,"column":12},"end":{"line":54,"column":14}},"22":{"start":{"line":56,"column":12},"end":{"line":60,"column":13}},"23":{"start":{"line":57,"column":16},"end":{"line":57,"column":92}},"24":{"start":{"line":59,"column":16},"end":{"line":59,"column":107}},"25":{"start":{"line":65,"column":0},"end":{"line":70,"column":2}},"26":{"start":{"line":68,"column":24},"end":{"line":68,"column":34}},"27":{"start":{"line":69,"column":25},"end":{"line":69,"column":61}}},"fnMap":{"0":{"name":"saveSubscription","decl":{"start":{"line":22,"column":9},"end":{"line":22,"column":25}},"loc":{"start":{"line":22,"column":40},"end":{"line":31,"column":1}},"line":22},"1":{"name":"notifyAdmins","decl":{"start":{"line":40,"column":15},"end":{"line":40,"column":27}},"loc":{"start":{"line":40,"column":37},"end":{"line":63,"column":1}},"line":40},"2":{"name":"(anonymous_2)","decl":{"start":{"line":48,"column":31},"end":{"line":48,"column":32}},"loc":{"start":{"line":48,"column":46},"end":{"line":62,"column":5}},"line":48},"3":{"name":"(anonymous_3)","decl":{"start":{"line":68,"column":18},"end":{"line":68,"column":19}},"loc":{"start":{"line":68,"column":24},"end":{"line":68,"column":34}},"line":68},"4":{"name":"(anonymous_4)","decl":{"start":{"line":69,"column":18},"end":{"line":69,"column":19}},"loc":{"start":{"line":69,"column":25},"end":{"line":69,"column":61}},"line":69}},"branchMap":{"0":{"loc":{"start":{"line":6,"column":22},"end":{"line":6,"column":77}},"type":"binary-expr","locations":[{"start":{"line":6,"column":22},"end":{"line":6,"column":47}},{"start":{"line":6,"column":51},"end":{"line":6,"column":77}}],"line":6},"1":{"loc":{"start":{"line":14,"column":0},"end":{"line":20,"column":1}},"type":"if","locations":[{"start":{"line":14,"column":0},"end":{"line":20,"column":1}},{"start":{"line":17,"column":7},"end":{"line":20,"column":1}}],"line":14},"2":{"loc":{"start":{"line":14,"column":4},"end":{"line":14,"column":41}},"type":"binary-expr","locations":[{"start":{"line":14,"column":4},"end":{"line":14,"column":20}},{"start":{"line":14,"column":24},"end":{"line":14,"column":41}}],"line":14},"3":{"loc":{"start":{"line":23,"column":4},"end":{"line":25,"column":5}},"type":"if","locations":[{"start":{"line":23,"column":4},"end":{"line":25,"column":5}},{"start":{},"end":{}}],"line":23},"4":{"loc":{"start":{"line":23,"column":8},"end":{"line":23,"column":69}},"type":"binary-expr","locations":[{"start":{"line":23,"column":8},"end":{"line":23,"column":21}},{"start":{"line":23,"column":25},"end":{"line":23,"column":47}},{"start":{"line":23,"column":51},"end":{"line":23,"column":69}}],"line":23},"5":{"loc":{"start":{"line":41,"column":4},"end":{"line":41,"column":28}},"type":"if","locations":[{"start":{"line":41,"column":4},"end":{"line":41,"column":28}},{"start":{},"end":{}}],"line":41},"6":{"loc":{"start":{"line":44,"column":4},"end":{"line":44,"column":34}},"type":"if","locations":[{"start":{"line":44,"column":4},"end":{"line":44,"column":34}},{"start":{},"end":{}}],"line":44},"7":{"loc":{"start":{"line":56,"column":12},"end":{"line":60,"column":13}},"type":"if","locations":[{"start":{"line":56,"column":12},"end":{"line":60,"column":13}},{"start":{"line":58,"column":19},"end":{"line":60,"column":13}}],"line":56},"8":{"loc":{"start":{"line":56,"column":16},"end":{"line":56,"column":64}},"type":"binary-expr","locations":[{"start":{"line":56,"column":16},"end":{"line":56,"column":38}},{"start":{"line":56,"column":42},"end":{"line":56,"column":64}}],"line":56},"9":{"loc":{"start":{"line":69,"column":25},"end":{"line":69,"column":61}},"type":"cond-expr","locations":[{"start":{"line":69,"column":38},"end":{"line":69,"column":54}},{"start":{"line":69,"column":57},"end":{"line":69,"column":61}}],"line":69}},"s":{"0":1,"1":1,"2":1,"3":1,"4":1,"5":1,"6":1,"7":1,"8":1,"9":0,"10":5,"11":4,"12":1,"13":4,"14":0,"15":4,"16":4,"17":1,"18":3,"19":3,"20":4,"21":4,"22":0,"23":0,"24":0,"25":1,"26":1,"27":1},"f":{"0":5,"1":4,"2":4,"3":1,"4":1},"b":{"0":[1,1],"1":[1,0],"2":[1,1],"3":[4,1],"4":[5,3,2],"5":[0,4],"6":[1,3],"7":[0,0],"8":[0,0],"9":[1,0]},"_coverageSchema":"1a1c01bbd47fc00a2c39e90264f33305004495a9","hash":"a75642473a49455a653b1538c3d0453be2f3b606"}
,"D:\\project\\vscode-egypt-buildpack-session4\\vscode-egypt\\vse-backend\\services\\payment\\AutomatedPaymentProvider.js": {"path":"D:\\project\\vscode-egypt-buildpack-session4\\vscode-egypt\\vse-backend\\services\\payment\\AutomatedPaymentProvider.js","statementMap":{"0":{"start":{"line":20,"column":4},"end":{"line":23,"column":6}},"1":{"start":{"line":26,"column":0},"end":{"line":32,"column":2}},"2":{"start":{"line":27,"column":25},"end":{"line":27,"column":56}},"3":{"start":{"line":28,"column":24},"end":{"line":28,"column":54}},"4":{"start":{"line":29,"column":19},"end":{"line":29,"column":44}},"5":{"start":{"line":30,"column":19},"end":{"line":30,"column":44}},"6":{"start":{"line":31,"column":18},"end":{"line":31,"column":42}}},"fnMap":{"0":{"name":"notImplemented","decl":{"start":{"line":19,"column":9},"end":{"line":19,"column":23}},"loc":{"start":{"line":19,"column":32},"end":{"line":24,"column":1}},"line":19},"1":{"name":"(anonymous_1)","decl":{"start":{"line":27,"column":19},"end":{"line":27,"column":20}},"loc":{"start":{"line":27,"column":25},"end":{"line":27,"column":56}},"line":27},"2":{"name":"(anonymous_2)","decl":{"start":{"line":28,"column":18},"end":{"line":28,"column":19}},"loc":{"start":{"line":28,"column":24},"end":{"line":28,"column":54}},"line":28},"3":{"name":"(anonymous_3)","decl":{"start":{"line":29,"column":13},"end":{"line":29,"column":14}},"loc":{"start":{"line":29,"column":19},"end":{"line":29,"column":44}},"line":29},"4":{"name":"(anonymous_4)","decl":{"start":{"line":30,"column":13},"end":{"line":30,"column":14}},"loc":{"start":{"line":30,"column":19},"end":{"line":30,"column":44}},"line":30},"5":{"name":"(anonymous_5)","decl":{"start":{"line":31,"column":12},"end":{"line":31,"column":13}},"loc":{"start":{"line":31,"column":18},"end":{"line":31,"column":42}},"line":31}},"branchMap":{},"s":{"0":0,"1":0,"2":0,"3":0,"4":0,"5":0,"6":0},"f":{"0":0,"1":0,"2":0,"3":0,"4":0,"5":0},"b":{}}
,"D:\\project\\vscode-egypt-buildpack-session4\\vscode-egypt\\vse-backend\\services\\payment\\ManualPaymentProvider.js": {"path":"D:\\project\\vscode-egypt-buildpack-session4\\vscode-egypt\\vse-backend\\services\\payment\\ManualPaymentProvider.js","statementMap":{"0":{"start":{"line":1,"column":11},"end":{"line":1,"column":30}},"1":{"start":{"line":2,"column":25},"end":{"line":2,"column":43}},"2":{"start":{"line":23,"column":17},"end":{"line":36,"column":5}},"3":{"start":{"line":38,"column":20},"end":{"line":38,"column":103}},"4":{"start":{"line":42,"column":4},"end":{"line":48,"column":95}},"5":{"start":{"line":48,"column":20},"end":{"line":48,"column":93}},"6":{"start":{"line":50,"column":4},"end":{"line":50,"column":19}},"7":{"start":{"line":54,"column":4},"end":{"line":56,"column":5}},"8":{"start":{"line":55,"column":8},"end":{"line":55,"column":114}},"9":{"start":{"line":57,"column":4},"end":{"line":57,"column":87}},"10":{"start":{"line":61,"column":4},"end":{"line":61,"column":77}},"11":{"start":{"line":72,"column":20},"end":{"line":72,"column":31}},"12":{"start":{"line":73,"column":4},"end":{"line":73,"column":60}},"13":{"start":{"line":73,"column":18},"end":{"line":73,"column":60}},"14":{"start":{"line":74,"column":4},"end":{"line":74,"column":87}},"15":{"start":{"line":74,"column":38},"end":{"line":74,"column":87}},"16":{"start":{"line":76,"column":26},"end":{"line":86,"column":6}},"17":{"start":{"line":77,"column":8},"end":{"line":80,"column":9}},"18":{"start":{"line":78,"column":12},"end":{"line":79,"column":64}},"19":{"start":{"line":81,"column":8},"end":{"line":85,"column":19}},"20":{"start":{"line":87,"column":4},"end":{"line":87,"column":20}},"21":{"start":{"line":89,"column":4},"end":{"line":89,"column":46}},"22":{"start":{"line":93,"column":20},"end":{"line":93,"column":31}},"23":{"start":{"line":94,"column":4},"end":{"line":94,"column":60}},"24":{"start":{"line":94,"column":18},"end":{"line":94,"column":60}},"25":{"start":{"line":95,"column":4},"end":{"line":95,"column":87}},"26":{"start":{"line":95,"column":38},"end":{"line":95,"column":87}},"27":{"start":{"line":97,"column":4},"end":{"line":101,"column":15}},"28":{"start":{"line":103,"column":4},"end":{"line":103,"column":46}},"29":{"start":{"line":106,"column":0},"end":{"line":106,"column":75}}},"fnMap":{"0":{"name":"createRequest","decl":{"start":{"line":22,"column":9},"end":{"line":22,"column":22}},"loc":{"start":{"line":22,"column":29},"end":{"line":51,"column":1}},"line":22},"1":{"name":"(anonymous_1)","decl":{"start":{"line":48,"column":13},"end":{"line":48,"column":14}},"loc":{"start":{"line":48,"column":20},"end":{"line":48,"column":93}},"line":48},"2":{"name":"listByStatus","decl":{"start":{"line":53,"column":9},"end":{"line":53,"column":21}},"loc":{"start":{"line":53,"column":30},"end":{"line":58,"column":1}},"line":53},"3":{"name":"getById","decl":{"start":{"line":60,"column":9},"end":{"line":60,"column":16}},"loc":{"start":{"line":60,"column":21},"end":{"line":62,"column":1}},"line":60},"4":{"name":"approve","decl":{"start":{"line":71,"column":9},"end":{"line":71,"column":16}},"loc":{"start":{"line":71,"column":21},"end":{"line":90,"column":1}},"line":71},"5":{"name":"(anonymous_5)","decl":{"start":{"line":76,"column":41},"end":{"line":76,"column":42}},"loc":{"start":{"line":76,"column":47},"end":{"line":86,"column":5}},"line":76},"6":{"name":"reject","decl":{"start":{"line":92,"column":9},"end":{"line":92,"column":15}},"loc":{"start":{"line":92,"column":20},"end":{"line":104,"column":1}},"line":92}},"branchMap":{"0":{"loc":{"start":{"line":28,"column":8},"end":{"line":28,"column":27}},"type":"binary-expr","locations":[{"start":{"line":28,"column":8},"end":{"line":28,"column":19}},{"start":{"line":28,"column":23},"end":{"line":28,"column":27}}],"line":28},"1":{"loc":{"start":{"line":35,"column":8},"end":{"line":35,"column":26}},"type":"binary-expr","locations":[{"start":{"line":35,"column":8},"end":{"line":35,"column":18}},{"start":{"line":35,"column":22},"end":{"line":35,"column":26}}],"line":35},"2":{"loc":{"start":{"line":54,"column":4},"end":{"line":56,"column":5}},"type":"if","locations":[{"start":{"line":54,"column":4},"end":{"line":56,"column":5}},{"start":{},"end":{}}],"line":54},"3":{"loc":{"start":{"line":73,"column":4},"end":{"line":73,"column":60}},"type":"if","locations":[{"start":{"line":73,"column":4},"end":{"line":73,"column":60}},{"start":{},"end":{}}],"line":73},"4":{"loc":{"start":{"line":74,"column":4},"end":{"line":74,"column":87}},"type":"if","locations":[{"start":{"line":74,"column":4},"end":{"line":74,"column":87}},{"start":{},"end":{}}],"line":74},"5":{"loc":{"start":{"line":77,"column":8},"end":{"line":80,"column":9}},"type":"if","locations":[{"start":{"line":77,"column":8},"end":{"line":80,"column":9}},{"start":{},"end":{}}],"line":77},"6":{"loc":{"start":{"line":94,"column":4},"end":{"line":94,"column":60}},"type":"if","locations":[{"start":{"line":94,"column":4},"end":{"line":94,"column":60}},{"start":{},"end":{}}],"line":94},"7":{"loc":{"start":{"line":95,"column":4},"end":{"line":95,"column":87}},"type":"if","locations":[{"start":{"line":95,"column":4},"end":{"line":95,"column":87}},{"start":{},"end":{}}],"line":95}},"s":{"0":1,"1":1,"2":2,"3":2,"4":2,"5":0,"6":2,"7":2,"8":1,"9":1,"10":10,"11":3,"12":3,"13":1,"14":2,"15":1,"16":1,"17":1,"18":1,"19":1,"20":1,"21":1,"22":3,"23":3,"24":1,"25":2,"26":1,"27":1,"28":1,"29":1},"f":{"0":2,"1":0,"2":2,"3":10,"4":3,"5":1,"6":3},"b":{"0":[2,1],"1":[2,2],"2":[1,1],"3":[1,2],"4":[1,1],"5":[1,0],"6":[1,2],"7":[1,1]},"_coverageSchema":"1a1c01bbd47fc00a2c39e90264f33305004495a9","hash":"004c8cc97b8c566fe6a65d9c491118c75f0be673"}
,"D:\\project\\vscode-egypt-buildpack-session4\\vscode-egypt\\vse-backend\\services\\payment\\index.js": {"path":"D:\\project\\vscode-egypt-buildpack-session4\\vscode-egypt\\vse-backend\\services\\payment\\index.js","statementMap":{"0":{"start":{"line":5,"column":15},"end":{"line":5,"column":49}},"1":{"start":{"line":6,"column":18},"end":{"line":6,"column":55}},"2":{"start":{"line":8,"column":21},"end":{"line":8,"column":57}},"3":{"start":{"line":10,"column":18},"end":{"line":10,"column":39}},"4":{"start":{"line":12,"column":0},"end":{"line":14,"column":1}},"5":{"start":{"line":13,"column":4},"end":{"line":13,"column":98}},"6":{"start":{"line":16,"column":0},"end":{"line":16,"column":70}},"7":{"start":{"line":18,"column":0},"end":{"line":18,"column":41}}},"fnMap":{},"branchMap":{"0":{"loc":{"start":{"line":8,"column":21},"end":{"line":8,"column":57}},"type":"binary-expr","locations":[{"start":{"line":8,"column":21},"end":{"line":8,"column":45}},{"start":{"line":8,"column":49},"end":{"line":8,"column":57}}],"line":8},"1":{"loc":{"start":{"line":12,"column":0},"end":{"line":14,"column":1}},"type":"if","locations":[{"start":{"line":12,"column":0},"end":{"line":14,"column":1}},{"start":{},"end":{}}],"line":12}},"s":{"0":0,"1":0,"2":0,"3":0,"4":0,"5":0,"6":0,"7":0},"f":{},"b":{"0":[0,0],"1":[0,0]}}
}
