TN:
SF:config\models.js
FN:60,getModelConfig
FN:72,getPublicCatalog
FN:74,(anonymous_2)
FNF:3
FNH:3
FNDA:4,getModelConfig
FNDA:2,getPublicCatalog
FNDA:6,(anonymous_2)
DA:27,2
DA:61,4
DA:62,4
DA:63,1
DA:65,3
DA:66,2
DA:68,1
DA:73,2
DA:74,6
DA:81,2
LF:10
LH:10
BRDA:32,0,0,2
BRDA:32,0,1,2
BRDA:32,0,2,2
BRDA:33,1,0,2
BRDA:33,1,1,1
BRDA:34,2,0,2
BRDA:34,2,1,2
BRDA:40,3,0,2
BRDA:40,3,1,2
BRDA:40,3,2,2
BRDA:41,4,0,2
BRDA:41,4,1,2
BRDA:48,5,0,2
BRDA:48,5,1,2
BRDA:54,6,0,2
BRDA:54,6,1,2
BRDA:56,7,0,2
BRDA:56,7,1,2
BRDA:62,8,0,1
BRDA:62,8,1,3
BRDA:65,9,0,2
BRDA:65,9,1,1
BRF:22
BRH:22
end_of_record
TN:
SF:config\security.js
FNF:0
FNH:0
DA:4,2
LF:1
LH:1
BRDA:96,0,0,0
BRDA:96,0,1,2
BRF:2
BRH:1
end_of_record
TN:
SF:middleware\adminAuth.js
FN:26,hashIp
FN:37,isLockedOut
FN:46,recordAttempt
FN:57,handleAdminLogin
FN:108,requireAdminSession
FNF:5
FNH:5
FNDA:6,hashIp
FNDA:6,isLockedOut
FNDA:2,recordAttempt
FNDA:6,handleAdminLogin
FNDA:5,requireAdminSession
DA:1,1
DA:2,1
DA:3,1
DA:4,1
DA:6,1
DA:7,1
DA:9,1
DA:10,0
DA:12,1
DA:13,0
DA:19,1
DA:20,1
DA:21,1
DA:22,1
DA:23,1
DA:27,6
DA:38,6
DA:43,6
DA:47,2
DA:58,6
DA:60,6
DA:61,1
DA:67,5
DA:70,5
DA:71,1
DA:74,4
DA:75,1
DA:78,3
DA:79,1
DA:82,2
DA:83,2
DA:85,2
DA:87,2
DA:88,2
DA:92,0
DA:94,0
DA:100,0
DA:109,5
DA:110,5
DA:112,5
DA:113,1
DA:116,4
DA:117,4
DA:118,2
DA:119,1
DA:123,1
DA:124,0
DA:125,0
DA:126,0
DA:127,0
DA:132,1
DA:134,2
DA:135,1
DA:137,1
DA:140,1
DA:143,1
LF:56
LH:47
BRDA:9,0,0,0
BRDA:9,0,1,1
BRDA:12,1,0,0
BRDA:12,1,1,1
BRDA:20,2,0,1
BRDA:20,2,1,1
BRDA:21,3,0,1
BRDA:21,3,1,1
BRDA:27,4,0,6
BRDA:27,4,1,0
BRDA:47,5,0,0
BRDA:47,5,1,2
BRDA:60,6,0,1
BRDA:60,6,1,5
BRDA:67,7,0,5
BRDA:67,7,1,0
BRDA:70,8,0,1
BRDA:70,8,1,4
BRDA:70,9,0,5
BRDA:70,9,1,4
BRDA:74,10,0,1
BRDA:74,10,1,3
BRDA:78,11,0,1
BRDA:78,11,1,2
BRDA:85,12,0,2
BRDA:85,12,1,0
BRDA:109,13,0,5
BRDA:109,13,1,1
BRDA:110,14,0,4
BRDA:110,14,1,1
BRDA:112,15,0,1
BRDA:112,15,1,4
BRDA:118,16,0,1
BRDA:118,16,1,1
BRDA:123,17,0,0
BRDA:123,17,1,1
BRDA:123,18,0,1
BRDA:123,18,1,0
BRDA:125,19,0,0
BRDA:125,19,1,0
BRDA:134,20,0,1
BRDA:134,20,1,1
BRF:42
BRH:32
end_of_record
TN:
SF:middleware\auth.js
FN:27,requireValidLicense
FNF:1
FNH:1
FNDA:13,requireValidLicense
DA:1,2
DA:2,2
DA:4,2
DA:6,2
DA:7,0
DA:28,13
DA:29,13
DA:31,13
DA:32,1
DA:36,12
DA:37,1
DA:41,11
DA:42,11
DA:47,2
DA:48,2
DA:52,9
DA:53,0
DA:56,9
DA:58,4
DA:59,1
DA:62,3
DA:63,3
DA:64,2
DA:68,1
DA:70,0
DA:73,1
DA:74,1
DA:77,5
DA:79,4
DA:80,0
DA:83,4
DA:87,4
DA:88,1
DA:90,3
DA:91,1
DA:93,2
DA:94,1
DA:95,1
DA:98,1
DA:99,1
DA:102,1
DA:105,2
LF:42
LH:38
BRDA:6,0,0,0
BRDA:6,0,1,2
BRDA:28,1,0,13
BRDA:28,1,1,1
BRDA:29,2,0,12
BRDA:29,2,1,1
BRDA:31,3,0,1
BRDA:31,3,1,12
BRDA:36,4,0,1
BRDA:36,4,1,11
BRDA:47,5,0,1
BRDA:47,5,1,1
BRDA:52,6,0,0
BRDA:52,6,1,9
BRDA:52,7,0,9
BRDA:52,7,1,9
BRDA:56,8,0,4
BRDA:56,8,1,5
BRDA:58,9,0,1
BRDA:58,9,1,3
BRDA:58,10,0,4
BRDA:58,10,1,3
BRDA:63,11,0,2
BRDA:63,11,1,1
BRDA:63,12,0,3
BRDA:63,12,1,2
BRDA:68,13,0,0
BRDA:68,13,1,1
BRDA:77,14,0,4
BRDA:77,14,1,1
BRDA:79,15,0,0
BRDA:79,15,1,4
BRDA:79,16,0,4
BRDA:79,16,1,4
BRDA:87,17,0,1
BRDA:87,17,1,3
BRDA:90,18,0,1
BRDA:90,18,1,2
BRDA:93,19,0,1
BRDA:93,19,1,1
BRF:40
BRH:36
end_of_record
TN:
SF:middleware\tokenGuard.js
FN:9,currentPeriod
FN:21,requireTokenBudget
FN:51,recordUsage
FNF:3
FNH:3
FNDA:5,currentPeriod
FNDA:5,requireTokenBudget
FNDA:3,recordUsage
DA:1,3
DA:3,3
DA:10,5
DA:11,5
DA:22,5
DA:23,5
DA:26,5
DA:27,5
DA:29,5
DA:30,5
DA:32,5
DA:33,5
DA:34,2
DA:46,3
DA:47,3
DA:52,3
DA:62,3
DA:72,3
DA:73,1
DA:78,3
LF:20
LH:20
BRDA:4,0,0,3
BRDA:4,0,1,2
BRDA:5,1,0,3
BRDA:5,1,1,3
BRDA:6,2,0,3
BRDA:6,2,1,3
BRDA:26,3,0,4
BRDA:26,3,1,1
BRDA:27,4,0,5
BRDA:27,4,1,0
BRDA:30,5,0,5
BRDA:30,5,1,0
BRDA:30,6,0,5
BRDA:30,6,1,0
BRDA:33,7,0,2
BRDA:33,7,1,3
BRDA:33,8,0,5
BRDA:33,8,1,3
BRDA:51,9,0,1
BRDA:51,10,0,1
BRDA:72,11,0,1
BRDA:72,11,1,2
BRF:22
BRH:19
end_of_record
TN:
SF:routes\agent.js
FN:21,tryParsePlan
FN:45,(anonymous_1)
FN:61,(anonymous_2)
FN:66,callModel
FN:82,(anonymous_4)
FNF:5
FNH:0
FNDA:0,tryParsePlan
FNDA:0,(anonymous_1)
FNDA:0,(anonymous_2)
FNDA:0,callModel
FNDA:0,(anonymous_4)
DA:1,0
DA:2,0
DA:3,0
DA:5,0
DA:7,0
DA:25,0
DA:26,0
DA:27,0
DA:28,0
DA:29,0
DA:31,0
DA:33,0
DA:45,0
DA:46,0
DA:48,0
DA:49,0
DA:52,0
DA:53,0
DA:54,0
DA:56,0
DA:57,0
DA:60,0
DA:61,0
DA:64,0
DA:67,0
DA:71,0
DA:72,0
DA:75,0
DA:81,0
DA:82,0
DA:83,0
DA:84,0
DA:87,0
DA:88,0
DA:89,0
DA:90,0
DA:93,0
DA:94,0
DA:95,0
DA:97,0
DA:101,0
DA:102,0
DA:103,0
DA:104,0
DA:107,0
DA:109,0
DA:110,0
DA:113,0
DA:115,0
DA:116,0
DA:120,0
LF:51
LH:0
BRDA:28,0,0,0
BRDA:28,0,1,0
BRDA:28,1,0,0
BRDA:28,1,1,0
BRDA:46,2,0,0
BRDA:46,3,0,0
BRDA:46,3,1,0
BRDA:48,4,0,0
BRDA:48,4,1,0
BRDA:48,5,0,0
BRDA:48,5,1,0
BRDA:53,6,0,0
BRDA:53,6,1,0
BRDA:56,7,0,0
BRDA:56,7,1,0
BRDA:60,8,0,0
BRDA:60,8,1,0
BRDA:60,9,0,0
BRDA:60,9,1,0
BRDA:64,10,0,0
BRDA:64,10,1,0
BRDA:71,11,0,0
BRDA:71,11,1,0
BRDA:81,12,0,0
BRDA:81,12,1,0
BRDA:88,13,0,0
BRDA:88,13,1,0
BRDA:89,14,0,0
BRDA:89,14,1,0
BRDA:90,15,0,0
BRDA:90,15,1,0
BRDA:90,16,0,0
BRDA:90,16,1,0
BRDA:97,17,0,0
BRDA:97,17,1,0
BRDA:109,18,0,0
BRDA:109,18,1,0
BRF:37
BRH:0
end_of_record
TN:
SF:routes\auth.js
FN:20,generateOtp
FN:25,hashToken
FN:29,isValidEmail
FN:39,(anonymous_3)
FN:104,(anonymous_4)
FN:128,(anonymous_5)
FN:151,(anonymous_6)
FN:195,(anonymous_7)
FN:222,(anonymous_8)
FN:249,issueAndSendOtp
FN:264,consumeOtp
FN:289,issueSessionTokens
FNF:12
FNH:0
FNDA:0,generateOtp
FNDA:0,hashToken
FNDA:0,isValidEmail
FNDA:0,(anonymous_3)
FNDA:0,(anonymous_4)
FNDA:0,(anonymous_5)
FNDA:0,(anonymous_6)
FNDA:0,(anonymous_7)
FNDA:0,(anonymous_8)
FNDA:0,issueAndSendOtp
FNDA:0,consumeOtp
FNDA:0,issueSessionTokens
DA:1,0
DA:2,0
DA:3,0
DA:4,0
DA:5,0
DA:6,0
DA:8,0
DA:10,0
DA:11,0
DA:12,0
DA:13,0
DA:14,0
DA:16,0
DA:17,0
DA:22,0
DA:26,0
DA:30,0
DA:39,0
DA:40,0
DA:43,0
DA:44,0
DA:47,0
DA:48,0
DA:51,0
DA:52,0
DA:55,0
DA:56,0
DA:60,0
DA:61,0
DA:62,0
DA:63,0
DA:65,0
DA:66,0
DA:72,0
DA:73,0
DA:74,0
DA:77,0
DA:80,0
DA:82,0
DA:83,0
DA:85,0
DA:87,0
DA:90,0
DA:91,0
DA:93,0
DA:94,0
DA:97,0
DA:104,0
DA:105,0
DA:106,0
DA:107,0
DA:110,0
DA:111,0
DA:112,0
DA:115,0
DA:117,0
DA:118,0
DA:119,0
DA:128,0
DA:129,0
DA:130,0
DA:131,0
DA:132,0
DA:134,0
DA:135,0
DA:138,0
DA:139,0
DA:141,0
DA:142,0
DA:144,0
DA:151,0
DA:152,0
DA:155,0
DA:156,0
DA:159,0
DA:160,0
DA:163,0
DA:164,0
DA:167,0
DA:170,0
DA:171,0
DA:173,0
DA:175,0
DA:176,0
DA:178,0
DA:179,0
DA:183,0
DA:185,0
DA:186,0
DA:195,0
DA:196,0
DA:197,0
DA:198,0
DA:201,0
DA:202,0
DA:206,0
DA:207,0
DA:210,0
DA:212,0
DA:213,0
DA:214,0
DA:222,0
DA:223,0
DA:224,0
DA:225,0
DA:226,0
DA:230,0
DA:231,0
DA:233,0
DA:235,0
DA:236,0
DA:239,0
DA:240,0
DA:241,0
DA:244,0
DA:250,0
DA:251,0
DA:252,0
DA:255,0
DA:258,0
DA:261,0
DA:265,0
DA:269,0
DA:270,0
DA:272,0
DA:273,0
DA:275,0
DA:276,0
DA:279,0
DA:280,0
DA:281,0
DA:282,0
DA:285,0
DA:286,0
DA:290,0
DA:304,0
DA:305,0
DA:306,0
DA:311,0
DA:314,0
DA:317,0
LF:141
LH:0
BRDA:16,0,0,0
BRDA:16,0,1,0
BRDA:40,1,0,0
BRDA:40,1,1,0
BRDA:43,2,0,0
BRDA:43,2,1,0
BRDA:47,3,0,0
BRDA:47,3,1,0
BRDA:51,4,0,0
BRDA:51,4,1,0
BRDA:55,5,0,0
BRDA:55,5,1,0
BRDA:65,6,0,0
BRDA:65,6,1,0
BRDA:65,7,0,0
BRDA:65,7,1,0
BRDA:65,7,2,0
BRDA:73,8,0,0
BRDA:73,8,1,0
BRDA:73,9,0,0
BRDA:73,9,1,0
BRDA:80,10,0,0
BRDA:80,10,1,0
BRDA:105,11,0,0
BRDA:105,11,1,0
BRDA:106,12,0,0
BRDA:106,12,1,0
BRDA:106,13,0,0
BRDA:106,13,1,0
BRDA:111,14,0,0
BRDA:111,14,1,0
BRDA:129,15,0,0
BRDA:129,15,1,0
BRDA:131,16,0,0
BRDA:131,16,1,0
BRDA:134,17,0,0
BRDA:134,17,1,0
BRDA:152,18,0,0
BRDA:152,18,1,0
BRDA:155,19,0,0
BRDA:155,19,1,0
BRDA:159,20,0,0
BRDA:159,20,1,0
BRDA:159,21,0,0
BRDA:159,21,1,0
BRDA:163,22,0,0
BRDA:163,22,1,0
BRDA:170,23,0,0
BRDA:170,23,1,0
BRDA:173,24,0,0
BRDA:173,24,1,0
BRDA:173,25,0,0
BRDA:173,25,1,0
BRDA:178,26,0,0
BRDA:178,26,1,0
BRDA:196,27,0,0
BRDA:196,27,1,0
BRDA:197,28,0,0
BRDA:197,28,1,0
BRDA:206,29,0,0
BRDA:206,29,1,0
BRDA:206,30,0,0
BRDA:206,30,1,0
BRDA:223,31,0,0
BRDA:223,31,1,0
BRDA:224,32,0,0
BRDA:224,32,1,0
BRDA:225,33,0,0
BRDA:225,33,1,0
BRDA:235,34,0,0
BRDA:235,34,1,0
BRDA:240,35,0,0
BRDA:240,35,1,0
BRDA:269,36,0,0
BRDA:269,36,1,0
BRDA:272,37,0,0
BRDA:272,37,1,0
BRDA:275,38,0,0
BRDA:275,38,1,0
BRDA:280,39,0,0
BRDA:280,39,1,0
BRF:81
BRH:0
end_of_record
TN:
SF:routes\billing.js
FN:8,currentPeriod
FN:18,(anonymous_1)
FN:52,(anonymous_2)
FNF:3
FNH:3
FNDA:3,currentPeriod
FNDA:3,(anonymous_1)
FNDA:1,(anonymous_2)
DA:1,1
DA:2,1
DA:3,1
DA:4,1
DA:6,1
DA:9,3
DA:10,3
DA:18,1
DA:19,3
DA:21,3
DA:22,3
DA:23,0
DA:26,3
DA:30,3
DA:34,3
DA:38,3
DA:39,3
DA:41,3
DA:52,1
DA:65,1
LF:20
LH:19
BRDA:22,0,0,0
BRDA:22,0,1,3
BRDA:26,1,0,3
BRDA:26,1,1,0
BRDA:39,2,0,3
BRDA:39,2,1,0
BRDA:51,3,0,2
BRDA:51,3,1,1
BRDA:51,4,0,0
BRDA:51,4,1,1
BRDA:54,5,0,1
BRDA:54,5,1,0
BRDA:59,6,0,0
BRDA:59,6,1,3
BRF:14
BRH:8
end_of_record
TN:
SF:routes\chat.js
FN:24,(anonymous_0)
FN:43,(anonymous_1)
FN:63,(anonymous_2)
FN:63,(anonymous_3)
FN:87,(anonymous_4)
FN:99,(anonymous_5)
FN:124,(anonymous_6)
FNF:7
FNH:0
FNDA:0,(anonymous_0)
FNDA:0,(anonymous_1)
FNDA:0,(anonymous_2)
FNDA:0,(anonymous_3)
FNDA:0,(anonymous_4)
FNDA:0,(anonymous_5)
FNDA:0,(anonymous_6)
DA:1,0
DA:2,0
DA:3,0
DA:4,0
DA:6,0
DA:14,0
DA:16,0
DA:24,0
DA:25,0
DA:43,0
DA:44,0
DA:46,0
DA:47,0
DA:50,0
DA:51,0
DA:52,0
DA:54,0
DA:56,0
DA:63,0
DA:64,0
DA:65,0
DA:74,0
DA:75,0
DA:76,0
DA:78,0
DA:79,0
DA:81,0
DA:83,0
DA:87,0
DA:89,0
DA:90,0
DA:91,0
DA:92,0
DA:94,0
DA:99,0
DA:100,0
DA:103,0
DA:104,0
DA:106,0
DA:120,0
DA:124,0
DA:125,0
DA:126,0
DA:129,0
DA:130,0
DA:132,0
DA:133,0
DA:134,0
DA:136,0
DA:141,0
DA:142,0
DA:143,0
DA:144,0
DA:145,0
DA:146,0
DA:147,0
DA:148,0
DA:155,0
DA:158,0
DA:159,0
DA:161,0
DA:162,0
DA:165,0
DA:166,0
DA:167,0
DA:168,0
DA:169,0
DA:175,0
LF:68
LH:0
BRDA:44,0,0,0
BRDA:44,1,0,0
BRDA:44,1,1,0
BRDA:46,2,0,0
BRDA:46,2,1,0
BRDA:46,3,0,0
BRDA:46,3,1,0
BRDA:51,4,0,0
BRDA:51,4,1,0
BRDA:54,5,0,0
BRDA:54,5,1,0
BRDA:63,6,0,0
BRDA:63,6,1,0
BRDA:64,7,0,0
BRDA:64,7,1,0
BRDA:64,8,0,0
BRDA:64,8,1,0
BRDA:67,9,0,0
BRDA:67,9,1,0
BRDA:75,10,0,0
BRDA:75,10,1,0
BRDA:76,11,0,0
BRDA:76,11,1,0
BRDA:76,12,0,0
BRDA:76,12,1,0
BRDA:76,13,0,0
BRDA:76,13,1,0
BRDA:78,14,0,0
BRDA:78,14,1,0
BRDA:81,15,0,0
BRDA:81,15,1,0
BRDA:83,16,0,0
BRDA:83,16,1,0
BRDA:100,17,0,0
BRDA:100,17,1,0
BRDA:120,18,0,0
BRDA:120,18,1,0
BRDA:120,19,0,0
BRDA:120,19,1,0
BRDA:134,20,0,0
BRDA:134,20,1,0
BRDA:142,21,0,0
BRDA:142,21,1,0
BRDA:144,22,0,0
BRDA:144,22,1,0
BRDA:148,23,0,0
BRDA:148,23,1,0
BRDA:165,24,0,0
BRDA:165,24,1,0
BRF:49
BRH:0
end_of_record
TN:
SF:routes\license.js
FN:20,(anonymous_0)
FN:54,(anonymous_1)
FNF:2
FNH:0
FNDA:0,(anonymous_0)
FNDA:0,(anonymous_1)
DA:1,0
DA:2,0
DA:3,0
DA:4,0
DA:5,0
DA:7,0
DA:9,0
DA:10,0
DA:11,0
DA:20,0
DA:21,0
DA:22,0
DA:23,0
DA:27,0
DA:28,0
DA:30,0
DA:33,0
DA:36,0
DA:37,0
DA:39,0
DA:40,0
DA:41,0
DA:44,0
DA:54,0
DA:55,0
DA:56,0
DA:57,0
DA:60,0
DA:61,0
DA:62,0
DA:65,0
DA:66,0
DA:68,0
DA:73,0
DA:79,0
DA:82,0
LF:36
LH:0
BRDA:10,0,0,0
BRDA:10,0,1,0
BRDA:21,1,0,0
BRDA:21,1,1,0
BRDA:22,2,0,0
BRDA:22,2,1,0
BRDA:30,3,0,0
BRDA:30,3,1,0
BRDA:36,4,0,0
BRDA:36,4,1,0
BRDA:36,5,0,0
BRDA:36,5,1,0
BRDA:37,6,0,0
BRDA:37,6,1,0
BRDA:39,7,0,0
BRDA:39,7,1,0
BRDA:56,8,0,0
BRDA:56,8,1,0
BRDA:56,9,0,0
BRDA:56,9,1,0
BRDA:60,10,0,0
BRDA:60,10,1,0
BRDA:61,11,0,0
BRDA:61,11,1,0
BRDA:61,12,0,0
BRDA:61,12,1,0
BRDA:61,12,2,0
BRDA:61,12,3,0
BRF:28
BRH:0
end_of_record
TN:
SF:routes\payment.js
FN:21,tokensFor
FN:26,isValidEmail
FN:33,readOptionalUserId
FN:58,(anonymous_3)
FN:121,(anonymous_4)
FN:129,(anonymous_5)
FN:138,(anonymous_6)
FN:155,(anonymous_7)
FN:164,(anonymous_8)
FNF:9
FNH:2
FNDA:8,tokensFor
FNDA:11,isValidEmail
FNDA:0,readOptionalUserId
FNDA:0,(anonymous_3)
FNDA:0,(anonymous_4)
FNDA:0,(anonymous_5)
FNDA:0,(anonymous_6)
FNDA:0,(anonymous_7)
FNDA:0,(anonymous_8)
DA:1,1
DA:2,1
DA:3,1
DA:4,1
DA:5,1
DA:6,1
DA:7,1
DA:8,1
DA:10,1
DA:12,1
DA:13,1
DA:18,1
DA:19,1
DA:22,8
DA:23,8
DA:27,11
DA:34,0
DA:35,0
DA:36,0
DA:38,0
DA:39,0
DA:40,0
DA:41,0
DA:42,0
DA:47,0
DA:58,1
DA:59,0
DA:61,0
DA:62,0
DA:64,0
DA:65,0
DA:66,0
DA:68,0
DA:69,0
DA:71,0
DA:72,0
DA:74,0
DA:75,0
DA:77,0
DA:78,0
DA:81,0
DA:92,0
DA:106,1
DA:115,1
DA:121,1
DA:122,0
DA:123,0
DA:124,0
DA:126,0
DA:129,1
DA:130,0
DA:131,0
DA:132,0
DA:133,0
DA:135,0
DA:138,1
DA:139,0
DA:140,0
DA:141,0
DA:142,0
DA:144,0
DA:155,1
DA:156,0
DA:164,1
DA:165,0
DA:166,0
DA:168,0
DA:170,0
DA:174,1
DA:175,1
DA:176,1
DA:177,1
DA:179,1
LF:73
LH:29
BRDA:18,0,0,1
BRDA:18,0,1,1
BRDA:19,1,0,1
BRDA:19,1,1,1
BRDA:22,2,0,4
BRDA:22,2,1,4
BRDA:27,3,0,11
BRDA:27,3,1,8
BRDA:34,4,0,0
BRDA:34,4,1,0
BRDA:35,5,0,0
BRDA:35,5,1,0
BRDA:36,6,0,0
BRDA:36,6,1,0
BRDA:40,7,0,0
BRDA:40,7,1,0
BRDA:42,8,0,0
BRDA:42,8,1,0
BRDA:59,9,0,0
BRDA:59,9,1,0
BRDA:61,10,0,0
BRDA:61,10,1,0
BRDA:65,11,0,0
BRDA:65,11,1,0
BRDA:65,12,0,0
BRDA:65,12,1,0
BRDA:68,13,0,0
BRDA:68,13,1,0
BRDA:71,14,0,0
BRDA:71,14,1,0
BRDA:74,15,0,0
BRDA:74,15,1,0
BRDA:74,16,0,0
BRDA:74,16,1,0
BRDA:77,17,0,0
BRDA:77,17,1,0
BRDA:77,18,0,0
BRDA:77,18,1,0
BRDA:77,18,2,0
BRDA:89,19,0,0
BRDA:89,19,1,0
BRDA:123,20,0,0
BRDA:123,20,1,0
BRDA:123,21,0,0
BRDA:123,21,1,0
BRDA:126,22,0,0
BRDA:126,22,1,0
BRDA:131,23,0,0
BRDA:131,23,1,0
BRDA:132,24,0,0
BRDA:132,24,1,0
BRDA:140,25,0,0
BRDA:140,25,1,0
BRDA:141,26,0,0
BRDA:141,26,1,0
BRF:55
BRH:8
end_of_record
TN:
SF:routes\topup.js
FN:24,(anonymous_0)
FN:54,(anonymous_1)
FN:55,(anonymous_2)
FNF:3
FNH:3
FNDA:10,(anonymous_0)
FNDA:3,(anonymous_1)
FNDA:15,(anonymous_2)
DA:1,1
DA:2,1
DA:4,1
DA:9,1
DA:24,1
DA:25,10
DA:26,10
DA:27,2
DA:30,8
DA:31,8
DA:33,8
DA:34,1
DA:37,7
DA:38,7
DA:39,1
DA:42,6
DA:43,6
DA:45,6
DA:46,6
DA:54,1
DA:55,15
DA:58,1
LF:22
LH:22
BRDA:26,0,0,2
BRDA:26,0,1,8
BRDA:26,1,0,10
BRDA:26,1,1,9
BRDA:30,2,0,8
BRDA:30,2,1,0
BRDA:33,3,0,1
BRDA:33,3,1,7
BRDA:33,4,0,8
BRDA:33,4,1,8
BRDA:33,4,2,7
BRDA:38,5,0,1
BRDA:38,5,1,6
BRF:13
BRH:12
end_of_record
TN:
SF:routes\workspace.js
FN:14,(anonymous_0)
FN:39,(anonymous_1)
FN:54,(anonymous_2)
FNF:3
FNH:0
FNDA:0,(anonymous_0)
FNDA:0,(anonymous_1)
FNDA:0,(anonymous_2)
DA:1,0
DA:2,0
DA:4,0
DA:6,0
DA:14,0
DA:15,0
DA:17,0
DA:18,0
DA:20,0
DA:21,0
DA:23,0
DA:24,0
DA:27,0
DA:28,0
DA:29,0
DA:31,0
DA:32,0
DA:39,0
DA:40,0
DA:41,0
DA:42,0
DA:44,0
DA:45,0
DA:54,0
DA:55,0
DA:56,0
DA:57,0
DA:60,0
DA:61,0
DA:62,0
DA:64,0
DA:65,0
DA:69,0
LF:33
LH:0
BRDA:15,0,0,0
BRDA:15,0,1,0
BRDA:17,1,0,0
BRDA:17,1,1,0
BRDA:17,2,0,0
BRDA:17,2,1,0
BRDA:20,3,0,0
BRDA:20,3,1,0
BRDA:23,4,0,0
BRDA:23,4,1,0
BRDA:41,5,0,0
BRDA:41,5,1,0
BRDA:55,6,0,0
BRDA:55,6,1,0
BRDA:56,7,0,0
BRDA:56,7,1,0
BRDA:56,8,0,0
BRDA:56,8,1,0
BRDA:61,9,0,0
BRDA:61,9,1,0
BRF:20
BRH:0
end_of_record
TN:
SF:services\email.js
FN:17,getTransporter
FN:24,(anonymous_1)
FN:51,(anonymous_2)
FN:52,(anonymous_3)
FN:57,sendOtpEmail
FNF:5
FNH:0
FNDA:0,getTransporter
FNDA:0,(anonymous_1)
FNDA:0,(anonymous_2)
FNDA:0,(anonymous_3)
FNDA:0,sendOtpEmail
DA:12,0
DA:14,0
DA:15,0
DA:18,0
DA:20,0
DA:21,0
DA:22,0
DA:23,0
DA:25,0
DA:26,0
DA:27,0
DA:28,0
DA:29,0
DA:30,0
DA:33,0
DA:36,0
DA:50,0
DA:51,0
DA:52,0
DA:54,0
DA:58,0
DA:62,0
DA:66,0
DA:80,0
DA:81,0
DA:89,0
DA:92,0
LF:27
LH:0
BRDA:18,0,0,0
BRDA:18,0,1,0
BRDA:20,1,0,0
BRDA:20,1,1,0
BRDA:28,2,0,0
BRDA:28,2,1,0
BRDA:38,3,0,0
BRDA:38,3,1,0
BRDA:58,4,0,0
BRDA:58,4,1,0
BRDA:62,5,0,0
BRDA:62,5,1,0
BRDA:69,6,0,0
BRDA:69,6,1,0
BRDA:82,7,0,0
BRDA:82,7,1,0
BRF:16
BRH:0
end_of_record
TN:
SF:services\indexer.js
FN:39,tokenize
FN:46,(anonymous_1)
FN:50,termFrequencies
FN:58,shouldIndexPath
FN:60,(anonymous_4)
FN:64,chunkFile
FN:88,indexWorkspace
FN:104,(anonymous_7)
FN:110,(anonymous_8)
FN:132,searchWorkspace
FN:145,(anonymous_10)
FN:153,(anonymous_11)
FN:160,(anonymous_12)
FN:162,(anonymous_13)
FN:178,(anonymous_14)
FN:179,(anonymous_15)
FN:181,(anonymous_16)
FN:190,getWorkspaceStatus
FNF:18
FNH:0
FNDA:0,tokenize
FNDA:0,(anonymous_1)
FNDA:0,termFrequencies
FNDA:0,shouldIndexPath
FNDA:0,(anonymous_4)
FNDA:0,chunkFile
FNDA:0,indexWorkspace
FNDA:0,(anonymous_7)
FNDA:0,(anonymous_8)
FNDA:0,searchWorkspace
FNDA:0,(anonymous_10)
FNDA:0,(anonymous_11)
FNDA:0,(anonymous_12)
FNDA:0,(anonymous_13)
FNDA:0,(anonymous_14)
FNDA:0,(anonymous_15)
FNDA:0,(anonymous_16)
FNDA:0,getWorkspaceStatus
DA:27,0
DA:29,0
DA:30,0
DA:32,0
DA:33,0
DA:34,0
DA:40,0
DA:46,0
DA:47,0
DA:51,0
DA:52,0
DA:53,0
DA:55,0
DA:59,0
DA:60,0
DA:65,0
DA:66,0
DA:67,0
DA:68,0
DA:69,0
DA:70,0
DA:75,0
DA:76,0
DA:78,0
DA:89,0
DA:92,0
DA:94,0
DA:96,0
DA:101,0
DA:102,0
DA:104,0
DA:105,0
DA:106,0
DA:107,0
DA:109,0
DA:110,0
DA:111,0
DA:112,0
DA:113,0
DA:114,0
DA:116,0
DA:119,0
DA:121,0
DA:124,0
DA:133,0
DA:134,0
DA:135,0
DA:138,0
DA:139,0
DA:140,0
DA:144,0
DA:145,0
DA:146,0
DA:147,0
DA:148,0
DA:150,0
DA:152,0
DA:153,0
DA:155,0
DA:156,0
DA:157,0
DA:158,0
DA:160,0
DA:162,0
DA:163,0
DA:164,0
DA:165,0
DA:166,0
DA:167,0
DA:168,0
DA:169,0
DA:172,0
DA:173,0
DA:174,0
DA:177,0
DA:178,0
DA:179,0
DA:181,0
DA:191,0
DA:192,0
DA:195,0
LF:81
LH:0
BRDA:46,0,0,0
BRDA:46,0,1,0
BRDA:53,1,0,0
BRDA:53,1,1,0
BRDA:75,2,0,0
BRDA:75,2,1,0
BRDA:106,3,0,0
BRDA:106,3,1,0
BRDA:107,4,0,0
BRDA:107,4,1,0
BRDA:107,5,0,0
BRDA:107,5,1,0
BRDA:112,6,0,0
BRDA:112,6,1,0
BRDA:132,7,0,0
BRDA:134,8,0,0
BRDA:134,8,1,0
BRDA:139,9,0,0
BRDA:139,9,1,0
BRDA:148,10,0,0
BRDA:148,10,1,0
BRDA:153,11,0,0
BRDA:153,11,1,0
BRDA:160,12,0,0
BRDA:160,12,1,0
BRDA:168,13,0,0
BRDA:168,13,1,0
BRDA:172,14,0,0
BRDA:172,14,1,0
BRDA:192,15,0,0
BRDA:192,15,1,0
BRF:31
BRH:0
end_of_record
TN:
SF:services\push.js
FN:22,saveSubscription
FN:40,notifyAdmins
FN:48,(anonymous_2)
FN:68,(anonymous_3)
FN:69,(anonymous_4)
FNF:5
FNH:5
FNDA:5,saveSubscription
FNDA:4,notifyAdmins
FNDA:4,(anonymous_2)
FNDA:1,(anonymous_3)
FNDA:1,(anonymous_4)
DA:1,1
DA:2,1
DA:4,1
DA:5,1
DA:6,1
DA:13,1
DA:14,1
DA:15,1
DA:16,1
DA:18,0
DA:23,5
DA:24,4
DA:26,1
DA:41,4
DA:43,4
DA:44,4
DA:46,3
DA:48,3
DA:49,4
DA:50,4
DA:56,0
DA:57,0
DA:59,0
DA:65,1
DA:68,1
DA:69,1
LF:26
LH:22
BRDA:6,0,0,1
BRDA:6,0,1,1
BRDA:14,1,0,1
BRDA:14,1,1,0
BRDA:14,2,0,1
BRDA:14,2,1,1
BRDA:23,3,0,4
BRDA:23,3,1,1
BRDA:23,4,0,5
BRDA:23,4,1,3
BRDA:23,4,2,2
BRDA:41,5,0,0
BRDA:41,5,1,4
BRDA:44,6,0,1
BRDA:44,6,1,3
BRDA:56,7,0,0
BRDA:56,7,1,0
BRDA:56,8,0,0
BRDA:56,8,1,0
BRDA:69,9,0,1
BRDA:69,9,1,0
BRF:21
BRH:14
end_of_record
TN:
SF:services\payment\AutomatedPaymentProvider.js
FN:19,notImplemented
FN:27,(anonymous_1)
FN:28,(anonymous_2)
FN:29,(anonymous_3)
FN:30,(anonymous_4)
FN:31,(anonymous_5)
FNF:6
FNH:0
FNDA:0,notImplemented
FNDA:0,(anonymous_1)
FNDA:0,(anonymous_2)
FNDA:0,(anonymous_3)
FNDA:0,(anonymous_4)
FNDA:0,(anonymous_5)
DA:20,0
DA:26,0
DA:27,0
DA:28,0
DA:29,0
DA:30,0
DA:31,0
LF:7
LH:0
BRF:0
BRH:0
end_of_record
TN:
SF:services\payment\ManualPaymentProvider.js
FN:22,createRequest
FN:48,(anonymous_1)
FN:53,listByStatus
FN:60,getById
FN:71,approve
FN:76,(anonymous_5)
FN:92,reject
FNF:7
FNH:6
FNDA:2,createRequest
FNDA:0,(anonymous_1)
FNDA:2,listByStatus
FNDA:10,getById
FNDA:3,approve
FNDA:1,(anonymous_5)
FNDA:3,reject
DA:1,1
DA:2,1
DA:23,2
DA:38,2
DA:42,2
DA:48,0
DA:50,2
DA:54,2
DA:55,1
DA:57,1
DA:61,10
DA:72,3
DA:73,3
DA:74,2
DA:76,1
DA:77,1
DA:78,1
DA:81,1
DA:87,1
DA:89,1
DA:93,3
DA:94,3
DA:95,2
DA:97,1
DA:103,1
DA:106,1
LF:26
LH:25
BRDA:28,0,0,2
BRDA:28,0,1,1
BRDA:35,1,0,2
BRDA:35,1,1,2
BRDA:54,2,0,1
BRDA:54,2,1,1
BRDA:73,3,0,1
BRDA:73,3,1,2
BRDA:74,4,0,1
BRDA:74,4,1,1
BRDA:77,5,0,1
BRDA:77,5,1,0
BRDA:94,6,0,1
BRDA:94,6,1,2
BRDA:95,7,0,1
BRDA:95,7,1,1
BRF:16
BRH:15
end_of_record
TN:
SF:services\payment\index.js
FNF:0
FNH:0
DA:5,0
DA:6,0
DA:8,0
DA:10,0
DA:12,0
DA:13,0
DA:16,0
DA:18,0
LF:8
LH:0
BRDA:8,0,0,0
BRDA:8,0,1,0
BRDA:12,1,0,0
BRDA:12,1,1,0
BRF:4
BRH:0
end_of_record
